<?xml version="1.0" encoding="utf-8"?>
<TestRun id="67559bd7-a37b-4d3c-8196-52687a0c1a12" name="@MiljenkokPro115 2020-06-03 17:22:59" xmlns="http://microsoft.com/schemas/VisualStudio/TeamTest/2010">
  <Times creation="2020-06-03T17:22:59.2766210+02:00" queuing="2020-06-03T17:22:59.2766210+02:00" start="2020-06-03T17:22:56.2764560+02:00" finish="2020-06-03T17:23:22.3613930+02:00" />
  <TestSettings name="default" id="cccd601d-9251-4133-805a-fb38057ee719">
    <Deployment runDeploymentRoot="_MiljenkokPro115_2020-06-03_17_22_59" />
  </TestSettings>
  <Results>
    <UnitTestResult executionId="84ea0344-b336-4b09-ab3c-70c6e8d38294" testId="f2b0819e-b3a0-6d36-33fc-87d6fa25fa83" testName="Xamarin.AndroidX.Migration.Tests.JniStringMigrationTests.JniStringAreCorrectlyMapped(supportJni: &quot;()Landroid/support/v17/leanback/media/PlaybackGlue&quot;..., androidxJni: &quot;()Landroidx/leanback/media/PlaybackGlueHost;&quot;)" computerName="MiljenkokPro115" duration="00:00:00.1958211" startTime="2020-06-03T17:23:11.3871650+02:00" endTime="2020-06-03T17:23:11.3871660+02:00" testType="13cdc9d9-ddb5-4fa4-a97d-d965ccfc6d4b" outcome="Passed" testListId="8c84fa94-04c1-424b-9868-57a2d4851a1d" relativeResultsDirectory="84ea0344-b336-4b09-ab3c-70c6e8d38294" />
    <UnitTestResult executionId="ac538294-c3ad-4010-a72d-146b164c401d" testId="6487aca4-6aac-5849-d5ae-6be662d11ba8" testName="Xamarin.AndroidX.Migration.Tests.JniStringMigrationTests.JniStringAreCorrectlyMapped(supportJni: &quot;(Landroid/content/ContentResolver;Landroid/net/Uri&quot;..., androidxJni: &quot;(Landroid/content/ContentResolver;Landroid/net/Uri&quot;...)" computerName="MiljenkokPro115" duration="00:00:00.2238488" startTime="2020-06-03T17:23:02.5730250+02:00" endTime="2020-06-03T17:23:02.5730260+02:00" testType="13cdc9d9-ddb5-4fa4-a97d-d965ccfc6d4b" outcome="Passed" testListId="8c84fa94-04c1-424b-9868-57a2d4851a1d" relativeResultsDirectory="ac538294-c3ad-4010-a72d-146b164c401d" />
    <UnitTestResult executionId="9b66ec57-2c9c-4d93-93d3-7165a01bd2cf" testId="5cb46082-4bfb-2c5d-c7d4-ffb47863e309" testName="Xamarin.AndroidX.Migration.Tests.JetifierTests.JavaTypesAreMigratedAfterJetifierWithIntermediate" computerName="MiljenkokPro115" duration="00:00:00.9729324" startTime="2020-06-03T17:23:02.2230760+02:00" endTime="2020-06-03T17:23:02.2230780+02:00" testType="13cdc9d9-ddb5-4fa4-a97d-d965ccfc6d4b" outcome="Passed" testListId="8c84fa94-04c1-424b-9868-57a2d4851a1d" relativeResultsDirectory="9b66ec57-2c9c-4d93-93d3-7165a01bd2cf" />
    <UnitTestResult executionId="1b06eef2-485a-4d8f-b9b7-4351e6a6df0c" testId="1024e315-6f66-d23c-db9b-f55f9c7700e7" testName="Xamarin.AndroidX.Migration.Tests.JniStringMigrationTests.JniStringAreCorrectlyMapped(supportJni: &quot;(I)Landroid/support/v7/app/AlertDialog$Builder;&quot;, androidxJni: &quot;(I)Landroidx/appcompat/app/AlertDialog$Builder;&quot;)" computerName="MiljenkokPro115" duration="00:00:00.0450715" startTime="2020-06-03T17:23:21.6694880+02:00" endTime="2020-06-03T17:23:21.6694880+02:00" testType="13cdc9d9-ddb5-4fa4-a97d-d965ccfc6d4b" outcome="Passed" testListId="8c84fa94-04c1-424b-9868-57a2d4851a1d" relativeResultsDirectory="1b06eef2-485a-4d8f-b9b7-4351e6a6df0c" />
    <UnitTestResult executionId="bc2b7280-995a-4860-9f7e-79bf95c6b282" testId="e10d3459-12eb-7008-276a-cd55ae3aea86" testName="Xamarin.AndroidX.Migration.Tests.ManagedMigrationTests.AssembliesHaveTheSameReferencesAfterMigration(supportDll: &quot;Aarxercise.Managed.Support.dll&quot;, androidXDll: &quot;Aarxercise.Managed.AndroidX.dll&quot;, expectedResult: ContainedSupport | PotentialJavaArtifacts | ContainedJavaArtifacts)" computerName="MiljenkokPro115" duration="00:00:01.3670830" startTime="2020-06-03T17:23:13.8687380+02:00" endTime="2020-06-03T17:23:13.8687390+02:00" testType="13cdc9d9-ddb5-4fa4-a97d-d965ccfc6d4b" outcome="Passed" testListId="8c84fa94-04c1-424b-9868-57a2d4851a1d" relativeResultsDirectory="bc2b7280-995a-4860-9f7e-79bf95c6b282" />
    <UnitTestResult executionId="59452500-5248-457b-b6db-921bcd6f847d" testId="709c9e9f-4e89-1408-f17d-b5ac64d15455" testName="Xamarin.AndroidX.Migration.Tests.JniStringMigrationTests.JniStringAreCorrectlyMapped(supportJni: &quot;(FLandroid/support/design/circularreveal/CircularR&quot;..., androidxJni: &quot;(FLcom/google/android/material/circularreveal/Circ&quot;...)" computerName="MiljenkokPro115" duration="00:00:00.0767547" startTime="2020-06-03T17:23:16.3439440+02:00" endTime="2020-06-03T17:23:16.3439460+02:00" testType="13cdc9d9-ddb5-4fa4-a97d-d965ccfc6d4b" outcome="Passed" testListId="8c84fa94-04c1-424b-9868-57a2d4851a1d" relativeResultsDirectory="59452500-5248-457b-b6db-921bcd6f847d" />
    <UnitTestResult executionId="4c2269ad-ca15-4b96-8ccd-1b35960b4a32" testId="8a4ad20e-c08b-a52a-aa5b-10daef2e3923" testName="Xamarin.AndroidX.Migration.Tests.JniStringMigrationTests.JniStringAreCorrectlyMapped(supportJni: &quot;(Landroid/view/accessibility/AccessibilityManager;&quot;..., androidxJni: &quot;(Landroid/view/accessibility/AccessibilityManager;&quot;...)" computerName="MiljenkokPro115" duration="00:00:00.1125428" startTime="2020-06-03T17:23:20.6799060+02:00" endTime="2020-06-03T17:23:20.6799070+02:00" testType="13cdc9d9-ddb5-4fa4-a97d-d965ccfc6d4b" outcome="Passed" testListId="8c84fa94-04c1-424b-9868-57a2d4851a1d" relativeResultsDirectory="4c2269ad-ca15-4b96-8ccd-1b35960b4a32" />
    <UnitTestResult executionId="afc81363-f1e9-42d9-9e8d-1c329c9403aa" testId="c247df48-d863-2ee2-4aee-c16c98e2c212" testName="Xamarin.AndroidX.Migration.Tests.JetifierTests.JetifierMigratesLayoutFiles" computerName="MiljenkokPro115" duration="00:00:00.9184365" startTime="2020-06-03T17:23:03.1718450+02:00" endTime="2020-06-03T17:23:03.1718580+02:00" testType="13cdc9d9-ddb5-4fa4-a97d-d965ccfc6d4b" outcome="Passed" testListId="8c84fa94-04c1-424b-9868-57a2d4851a1d" relativeResultsDirectory="afc81363-f1e9-42d9-9e8d-1c329c9403aa" />
    <UnitTestResult executionId="aac6d4a5-1bd4-4455-bf5f-8b399b561244" testId="fd9d530c-e077-4f55-d72b-6e60126626b1" testName="Xamarin.AndroidX.Migration.Tests.JniStringMigrationTests.JniStringAreCorrectlyMapped(supportJni: &quot;(Landroid/view/ViewGroup;Landroid/view/View;Landro&quot;..., androidxJni: &quot;(Landroid/view/ViewGroup;Landroid/view/View;Landro&quot;...)" computerName="MiljenkokPro115" duration="00:00:00.1230639" startTime="2020-06-03T17:23:17.3528210+02:00" endTime="2020-06-03T17:23:17.3528220+02:00" testType="13cdc9d9-ddb5-4fa4-a97d-d965ccfc6d4b" outcome="Passed" testListId="8c84fa94-04c1-424b-9868-57a2d4851a1d" relativeResultsDirectory="aac6d4a5-1bd4-4455-bf5f-8b399b561244" />
    <UnitTestResult executionId="6e9f4379-14c5-4c8d-827f-e311523e58f7" testId="a994f447-538d-56da-6bc0-89fd7c9a96e1" testName="Xamarin.AndroidX.Migration.Tests.JniStringMigrationTests.JniStringAreCorrectlyMapped(supportJni: &quot;(Landroid/support/v17/leanback/widget/FullWidthDet&quot;..., androidxJni: &quot;(Landroidx/leanback/widget/FullWidthDetailsOvervie&quot;...)" computerName="MiljenkokPro115" duration="00:00:00.1874133" startTime="2020-06-03T17:23:19.6072460+02:00" endTime="2020-06-03T17:23:19.6072470+02:00" testType="13cdc9d9-ddb5-4fa4-a97d-d965ccfc6d4b" outcome="Passed" testListId="8c84fa94-04c1-424b-9868-57a2d4851a1d" relativeResultsDirectory="6e9f4379-14c5-4c8d-827f-e311523e58f7" />
    <UnitTestResult executionId="3db57bed-a34d-4c29-b0dc-553ab7cb6196" testId="5b6d1245-fb92-fdb1-90ac-c862db1d4722" testName="Xamarin.AndroidX.Migration.Tests.DependenciesTests.FlattensSharedDependencyCorrectly" computerName="MiljenkokPro115" duration="00:00:00.0028758" startTime="2020-06-03T17:22:59.2568960+02:00" endTime="2020-06-03T17:22:59.2568970+02:00" testType="13cdc9d9-ddb5-4fa4-a97d-d965ccfc6d4b" outcome="Passed" testListId="8c84fa94-04c1-424b-9868-57a2d4851a1d" relativeResultsDirectory="3db57bed-a34d-4c29-b0dc-553ab7cb6196" />
    <UnitTestResult executionId="9855c251-a465-4ed9-ba7b-b124f219222a" testId="5e1870dc-d313-da30-2149-20d09cb59f10" testName="Xamarin.AndroidX.Migration.Tests.JetifierTests.CanReadAarFile" computerName="MiljenkokPro115" duration="00:00:00.0009236" startTime="2020-06-03T17:23:00.3655810+02:00" endTime="2020-06-03T17:23:00.3655810+02:00" testType="13cdc9d9-ddb5-4fa4-a97d-d965ccfc6d4b" outcome="Passed" testListId="8c84fa94-04c1-424b-9868-57a2d4851a1d" relativeResultsDirectory="9855c251-a465-4ed9-ba7b-b124f219222a" />
    <UnitTestResult executionId="f16be9eb-1ae0-48fb-90b0-748ea19f821b" testId="2da5b658-00e0-e2ba-7ac4-5e579b481501" testName="Xamarin.AndroidX.Migration.Tests.JetifierTests.LayoutFilesAreAsExpected" computerName="MiljenkokPro115" duration="00:00:00.0039600" startTime="2020-06-03T17:23:00.3645800+02:00" endTime="2020-06-03T17:23:00.3645810+02:00" testType="13cdc9d9-ddb5-4fa4-a97d-d965ccfc6d4b" outcome="Passed" testListId="8c84fa94-04c1-424b-9868-57a2d4851a1d" relativeResultsDirectory="f16be9eb-1ae0-48fb-90b0-748ea19f821b" />
    <UnitTestResult executionId="fcc046aa-b648-432b-b957-0fb1b85e4e02" testId="dc83b0cc-9798-f83c-3aa1-1abfb69ea505" testName="Xamarin.AndroidX.Migration.Tests.JniStringMigrationTests.JniStringAreCorrectlyMapped(supportJni: &quot;(Landroid/content/Context;Landroid/support/v4/cont&quot;..., androidxJni: &quot;(Landroid/content/Context;Landroidx/core/content/r&quot;...)" computerName="MiljenkokPro115" duration="00:00:00.1055083" startTime="2020-06-03T17:23:15.0188240+02:00" endTime="2020-06-03T17:23:15.0188250+02:00" testType="13cdc9d9-ddb5-4fa4-a97d-d965ccfc6d4b" outcome="Passed" testListId="8c84fa94-04c1-424b-9868-57a2d4851a1d" relativeResultsDirectory="fcc046aa-b648-432b-b957-0fb1b85e4e02" />
    <UnitTestResult executionId="8ca4664a-6027-4411-b5cc-6e8e042c1e39" testId="d1d460a2-1ef8-a58b-ac53-73f229703bb0" testName="Xamarin.AndroidX.Migration.Tests.ManagedMigrationTests.EmbeddedJavaArtifactsAreMigrated(supportDll: &quot;Aarxercise.Binding.Support.dll&quot;, layoutFile: &quot;library_project_imports/res/layout/supportlayout.x&quot;..., expectedResult: ContainedSupport | PotentialJni | ContainedJni | PotentialJavaArtifacts | ContainedJavaArtifacts)" computerName="MiljenkokPro115" duration="00:00:01.4780906" startTime="2020-06-03T17:23:11.0211020+02:00" endTime="2020-06-03T17:23:11.0211050+02:00" testType="13cdc9d9-ddb5-4fa4-a97d-d965ccfc6d4b" outcome="Passed" testListId="8c84fa94-04c1-424b-9868-57a2d4851a1d" relativeResultsDirectory="8ca4664a-6027-4411-b5cc-6e8e042c1e39" />
    <UnitTestResult executionId="f897a4bc-5694-4fb8-b52f-6771b2d16d8b" testId="dcc10f78-e5e0-0c40-fafc-b8fb0ac1c9c7" testName="Xamarin.AndroidX.Migration.Tests.JniStringMigrationTests.JniStringAreCorrectlyMapped(supportJni: &quot;(Landroid/view/View;)Landroid/support/v4/view/acce&quot;..., androidxJni: &quot;(Landroid/view/View;)Landroidx/core/view/accessibi&quot;...)" computerName="MiljenkokPro115" duration="00:00:00.2617145" startTime="2020-06-03T17:23:11.1910660+02:00" endTime="2020-06-03T17:23:11.1910670+02:00" testType="13cdc9d9-ddb5-4fa4-a97d-d965ccfc6d4b" outcome="Passed" testListId="8c84fa94-04c1-424b-9868-57a2d4851a1d" relativeResultsDirectory="f897a4bc-5694-4fb8-b52f-6771b2d16d8b" />
    <UnitTestResult executionId="386202a3-42d5-47bf-866b-5f593ed38f5d" testId="129d28b7-1988-4fb9-f77d-171f81216147" testName="Xamarin.AndroidX.Migration.Tests.JniStringMigrationTests.JniStringAreCorrectlyMapped(supportJni: &quot;(Landroid/graphics/drawable/Drawable;Landroid/cont&quot;..., androidxJni: &quot;(Landroid/graphics/drawable/Drawable;Landroid/cont&quot;...)" computerName="MiljenkokPro115" duration="00:00:00.0744458" startTime="2020-06-03T17:23:17.2299650+02:00" endTime="2020-06-03T17:23:17.2299660+02:00" testType="13cdc9d9-ddb5-4fa4-a97d-d965ccfc6d4b" outcome="Passed" testListId="8c84fa94-04c1-424b-9868-57a2d4851a1d" relativeResultsDirectory="386202a3-42d5-47bf-866b-5f593ed38f5d" />
    <UnitTestResult executionId="45e25ec9-f5bc-44a5-bd86-194894aaa656" testId="d08dfa10-7c56-48c7-7c27-19a09b51a87e" testName="Xamarin.AndroidX.Migration.Tests.JniStringMigrationTests.JniStringAreCorrectlyMapped(supportJni: &quot;([Ljava/lang/Object;[[Ljava/lang/Object;)[Ljava/la&quot;..., androidxJni: &quot;([Ljava/lang/Object;[[Ljava/lang/Object;)[Ljava/la&quot;...)" computerName="MiljenkokPro115" duration="00:00:00.1308213" startTime="2020-06-03T17:23:19.8992400+02:00" endTime="2020-06-03T17:23:19.8992410+02:00" testType="13cdc9d9-ddb5-4fa4-a97d-d965ccfc6d4b" outcome="Passed" testListId="8c84fa94-04c1-424b-9868-57a2d4851a1d" relativeResultsDirectory="45e25ec9-f5bc-44a5-bd86-194894aaa656" />
    <UnitTestResult executionId="ba0885c5-0d3d-4df7-8d8b-8b9639d9abc0" testId="8f829c77-d7c9-eab0-1e01-184002f707ba" testName="Xamarin.AndroidX.Migration.Tests.JniStringMigrationTests.JniStringAreCorrectlyMapped(supportJni: &quot;(Landroid/support/v7/widget/RecyclerView;Landroid/&quot;..., androidxJni: &quot;(Landroidx/recyclerview/widget/RecyclerView;Landro&quot;...)" computerName="MiljenkokPro115" duration="00:00:00.0596542" startTime="2020-06-03T17:23:16.9227130+02:00" endTime="2020-06-03T17:23:16.9227140+02:00" testType="13cdc9d9-ddb5-4fa4-a97d-d965ccfc6d4b" outcome="Passed" testListId="8c84fa94-04c1-424b-9868-57a2d4851a1d" relativeResultsDirectory="ba0885c5-0d3d-4df7-8d8b-8b9639d9abc0" />
    <UnitTestResult executionId="548af07b-1761-4489-be17-d1dd0c8994f9" testId="9f9af20d-ae1f-20d5-8087-435d754b6a20" testName="Xamarin.AndroidX.Migration.Tests.ManagedMigrationTests.CanRunMigrationOnCorruptedPdbs(assembly: &quot;Microsoft.IdentityModel.Clients.ActiveDirectory.dl&quot;..., symbols: &quot;Microsoft.IdentityModel.Clients.ActiveDirectory.pd&quot;..., expectedResult: ContainedSupport | PotentialJavaArtifacts)" computerName="MiljenkokPro115" duration="00:00:01.9506741" startTime="2020-06-03T17:23:05.6165910+02:00" endTime="2020-06-03T17:23:05.6165920+02:00" testType="13cdc9d9-ddb5-4fa4-a97d-d965ccfc6d4b" outcome="Passed" testListId="8c84fa94-04c1-424b-9868-57a2d4851a1d" relativeResultsDirectory="548af07b-1761-4489-be17-d1dd0c8994f9" />
    <UnitTestResult executionId="116c11fb-b9e7-44e4-b45c-d664436cc65d" testId="2fa16580-800e-e907-cab8-29c975e950e8" testName="Xamarin.AndroidX.Migration.Tests.JniStringMigrationTests.JniStringAreCorrectlyMapped(supportJni: &quot;android/support/v7/app/ActionBar$Tab$ThisDoesNotEx&quot;..., androidxJni: &quot;androidx/appcompat/app/ActionBar$Tab$ThisDoesNotEx&quot;...)" computerName="MiljenkokPro115" duration="00:00:00.2597411" startTime="2020-06-03T17:23:03.5568400+02:00" endTime="2020-06-03T17:23:03.5568510+02:00" testType="13cdc9d9-ddb5-4fa4-a97d-d965ccfc6d4b" outcome="Passed" testListId="8c84fa94-04c1-424b-9868-57a2d4851a1d" relativeResultsDirectory="116c11fb-b9e7-44e4-b45c-d664436cc65d" />
    <UnitTestResult executionId="22db3b64-b3b0-4910-be3b-41df9e8baf96" testId="f611e25a-667d-55e9-9cb7-dcf4f1056315" testName="Xamarin.AndroidX.Migration.Tests.JniStringMigrationTests.JniStringAreCorrectlyMapped(supportJni: &quot;()Landroid/support/v17/leanback/app/BrowseSupportF&quot;..., androidxJni: &quot;()Landroidx/leanback/app/BrowseSupportFragment$Mai&quot;...)" computerName="MiljenkokPro115" duration="00:00:00.0534517" startTime="2020-06-03T17:23:21.7704440+02:00" endTime="2020-06-03T17:23:21.7704450+02:00" testType="13cdc9d9-ddb5-4fa4-a97d-d965ccfc6d4b" outcome="Passed" testListId="8c84fa94-04c1-424b-9868-57a2d4851a1d" relativeResultsDirectory="22db3b64-b3b0-4910-be3b-41df9e8baf96" />
    <UnitTestResult executionId="c7f85e43-20be-4d39-8e47-09000e2d2c71" testId="112f46a9-a846-9ec8-c3d2-f8ee47292fed" testName="Xamarin.AndroidX.Migration.Tests.JniStringMigrationTests.JniStringAreCorrectlyMapped(supportJni: &quot;(Landroid/content/res/Resources;Ljava/lang/String;&quot;..., androidxJni: &quot;(Landroid/content/res/Resources;Ljava/lang/String;&quot;...)" computerName="MiljenkokPro115" duration="00:00:00.1174580" startTime="2020-06-03T17:23:10.1527280+02:00" endTime="2020-06-03T17:23:10.1527300+02:00" testType="13cdc9d9-ddb5-4fa4-a97d-d965ccfc6d4b" outcome="Passed" testListId="8c84fa94-04c1-424b-9868-57a2d4851a1d" relativeResultsDirectory="c7f85e43-20be-4d39-8e47-09000e2d2c71" />
    <UnitTestResult executionId="f89f633a-c3f0-4c70-bcc5-dde68bb7cdab" testId="1d944c70-9a3e-ed31-4904-7f764f9b840e" testName="Xamarin.AndroidX.Migration.Tests.ManagedMigrationTests.AssembliesHaveTheSameTypesAfterMigration(supportDll: &quot;Aarxercise.Managed.Support.dll&quot;, androidXDll: &quot;Aarxercise.Managed.AndroidX.dll&quot;, ignoreResourceType: True, expectedResult: ContainedSupport | PotentialJavaArtifacts | ContainedJavaArtifacts)" computerName="MiljenkokPro115" duration="00:00:01.5578007" startTime="2020-06-03T17:23:00.7652280+02:00" endTime="2020-06-03T17:23:00.7652290+02:00" testType="13cdc9d9-ddb5-4fa4-a97d-d965ccfc6d4b" outcome="Passed" testListId="8c84fa94-04c1-424b-9868-57a2d4851a1d" relativeResultsDirectory="f89f633a-c3f0-4c70-bcc5-dde68bb7cdab" />
    <UnitTestResult executionId="3095ab1b-2754-4f25-9703-29ff80184b5f" testId="0ef78269-3ab3-75f8-d100-c4436f327f3f" testName="Xamarin.AndroidX.Migration.Tests.JniStringMigrationTests.JniStringAreCorrectlyMapped(supportJni: &quot;(Landroid/content/res/Resources;Ljava/io/InputStre&quot;..., androidxJni: &quot;(Landroid/content/res/Resources;Ljava/io/InputStre&quot;...)" computerName="MiljenkokPro115" duration="00:00:00.1825671" startTime="2020-06-03T17:23:10.9283440+02:00" endTime="2020-06-03T17:23:10.9283460+02:00" testType="13cdc9d9-ddb5-4fa4-a97d-d965ccfc6d4b" outcome="Passed" testListId="8c84fa94-04c1-424b-9868-57a2d4851a1d" relativeResultsDirectory="3095ab1b-2754-4f25-9703-29ff80184b5f" />
    <UnitTestResult executionId="12d69a3b-21ad-4f6a-962d-60be5beb4798" testId="879a86a7-d434-7182-ee4b-f6da5bb5e80f" testName="Xamarin.AndroidX.Migration.Tests.JetifierTests.JetifierMigratesIndividualProguardFiles" computerName="MiljenkokPro115" duration="00:00:00.6961670" startTime="2020-06-03T17:23:15.4361510+02:00" endTime="2020-06-03T17:23:15.4361520+02:00" testType="13cdc9d9-ddb5-4fa4-a97d-d965ccfc6d4b" outcome="Passed" testListId="8c84fa94-04c1-424b-9868-57a2d4851a1d" relativeResultsDirectory="12d69a3b-21ad-4f6a-962d-60be5beb4798" />
    <UnitTestResult executionId="7084512c-a44f-4ddd-bf4a-d5d3163de675" testId="9ceeba41-aba8-5882-afe9-a08feb7d6460" testName="Xamarin.AndroidX.Migration.Tests.JniStringMigrationTests.JniStringAreCorrectlyMapped(supportJni: &quot;(Landroid/support/v17/leanback/widget/Presenter$Vi&quot;..., androidxJni: &quot;(Landroidx/leanback/widget/Presenter$ViewHolder;Lj&quot;...)" computerName="MiljenkokPro115" duration="00:00:00.1224443" startTime="2020-06-03T17:23:06.0882350+02:00" endTime="2020-06-03T17:23:06.0882360+02:00" testType="13cdc9d9-ddb5-4fa4-a97d-d965ccfc6d4b" outcome="Passed" testListId="8c84fa94-04c1-424b-9868-57a2d4851a1d" relativeResultsDirectory="7084512c-a44f-4ddd-bf4a-d5d3163de675" />
    <UnitTestResult executionId="f244b5e6-ed83-42db-bd48-75148627658d" testId="a7a5d11e-0679-d7c8-871e-e33381c91a39" testName="Xamarin.AndroidX.Migration.Tests.JniStringMigrationTests.JniStringAreCorrectlyMapped(supportJni: &quot;(Landroid/support/v4/view/ViewPropertyAnimatorComp&quot;..., androidxJni: &quot;(Landroidx/core/view/ViewPropertyAnimatorCompat;La&quot;...)" computerName="MiljenkokPro115" duration="00:00:00.0615648" startTime="2020-06-03T17:23:18.4693400+02:00" endTime="2020-06-03T17:23:18.4693410+02:00" testType="13cdc9d9-ddb5-4fa4-a97d-d965ccfc6d4b" outcome="Passed" testListId="8c84fa94-04c1-424b-9868-57a2d4851a1d" relativeResultsDirectory="f244b5e6-ed83-42db-bd48-75148627658d" />
    <UnitTestResult executionId="54b616dc-4119-4700-a0b4-164deb5701ee" testId="c8172cab-f2fb-32ec-5a55-7d632d8cf762" testName="Xamarin.AndroidX.Migration.Tests.JniStringMigrationTests.JniStringAreCorrectlyMapped(supportJni: &quot;(Landroid/support/v4/app/Fragment;)Landroidx/lifec&quot;..., androidxJni: &quot;(Landroidx/fragment/app/Fragment;)Landroidx/lifecy&quot;...)" computerName="MiljenkokPro115" duration="00:00:00.0807537" startTime="2020-06-03T17:23:17.1558170+02:00" endTime="2020-06-03T17:23:17.1558170+02:00" testType="13cdc9d9-ddb5-4fa4-a97d-d965ccfc6d4b" outcome="Passed" testListId="8c84fa94-04c1-424b-9868-57a2d4851a1d" relativeResultsDirectory="54b616dc-4119-4700-a0b4-164deb5701ee" />
    <UnitTestResult executionId="4cc4f086-70b8-4dbb-8e5c-edfcd224bdc4" testId="594e0395-d299-3eb7-5538-2e056b53243b" testName="Xamarin.AndroidX.Migration.Tests.JniStringMigrationTests.JniStringAreCorrectlyMapped(supportJni: &quot;(Landroid/support/v4/graphics/drawable/IconCompat;&quot;..., androidxJni: &quot;(Landroidx/core/graphics/drawable/IconCompat;Landr&quot;...)" computerName="MiljenkokPro115" duration="00:00:00.2416390" startTime="2020-06-03T17:23:09.7012380+02:00" endTime="2020-06-03T17:23:09.7012380+02:00" testType="13cdc9d9-ddb5-4fa4-a97d-d965ccfc6d4b" outcome="Passed" testListId="8c84fa94-04c1-424b-9868-57a2d4851a1d" relativeResultsDirectory="4cc4f086-70b8-4dbb-8e5c-edfcd224bdc4" />
    <UnitTestResult executionId="702a5d13-2abe-4300-a08e-7bce624ba0f8" testId="0a1bf297-62ac-fe05-e42c-a1e79d6f65cd" testName="Xamarin.AndroidX.Migration.Tests.JniStringMigrationTests.JniStringAreCorrectlyMapped(supportJni: &quot;(Landroid/database/Cursor;ILjava/lang/String;Landr&quot;..., androidxJni: &quot;(Landroid/database/Cursor;ILjava/lang/String;Landr&quot;...)" computerName="MiljenkokPro115" duration="00:00:00.2225541" startTime="2020-06-03T17:23:06.5482430+02:00" endTime="2020-06-03T17:23:06.5482440+02:00" testType="13cdc9d9-ddb5-4fa4-a97d-d965ccfc6d4b" outcome="Passed" testListId="8c84fa94-04c1-424b-9868-57a2d4851a1d" relativeResultsDirectory="702a5d13-2abe-4300-a08e-7bce624ba0f8" />
    <UnitTestResult executionId="c93e4e11-92c7-40be-b8f3-df59e43fce33" testId="2ec21f18-3521-8405-b898-f02d22a72ca4" testName="Xamarin.AndroidX.Migration.Tests.JetifierTests.JavaTypesAreMigratedAfterJetifier" computerName="MiljenkokPro115" duration="00:00:01.3342375" startTime="2020-06-03T17:23:00.3602040+02:00" endTime="2020-06-03T17:23:00.3602060+02:00" testType="13cdc9d9-ddb5-4fa4-a97d-d965ccfc6d4b" outcome="Passed" testListId="8c84fa94-04c1-424b-9868-57a2d4851a1d" relativeResultsDirectory="c93e4e11-92c7-40be-b8f3-df59e43fce33" />
    <UnitTestResult executionId="22204a29-28f4-4a8d-9c4b-d80d67ea0516" testId="b3d4ed2e-9f9e-6676-8ada-29bdcc4c9fb2" testName="Xamarin.AndroidX.Migration.Tests.JniStringMigrationTests.JniStringAreCorrectlyMapped(supportJni: &quot;(Landroid/view/ViewGroup;Landroid/support/v4/widge&quot;..., androidxJni: &quot;(Landroid/view/ViewGroup;Landroidx/customview/widg&quot;...)" computerName="MiljenkokPro115" duration="00:00:00.2061847" startTime="2020-06-03T17:23:04.5049430+02:00" endTime="2020-06-03T17:23:04.5049440+02:00" testType="13cdc9d9-ddb5-4fa4-a97d-d965ccfc6d4b" outcome="Passed" testListId="8c84fa94-04c1-424b-9868-57a2d4851a1d" relativeResultsDirectory="22204a29-28f4-4a8d-9c4b-d80d67ea0516" />
    <UnitTestResult executionId="043eda46-9ea4-4074-a971-5aa50d15dd31" testId="9d82627c-9c0b-107a-416c-6c2bb8cc1198" testName="Xamarin.AndroidX.Migration.Tests.JniStringMigrationTests.JniStringAreCorrectlyMapped(supportJni: &quot;(Landroid/support/v4/app/Fragment;)Landroid/arch/l&quot;..., androidxJni: &quot;(Landroidx/fragment/app/Fragment;)Landroidx/lifecy&quot;...)" computerName="MiljenkokPro115" duration="00:00:00.0682191" startTime="2020-06-03T17:23:18.8746610+02:00" endTime="2020-06-03T17:23:18.8746620+02:00" testType="13cdc9d9-ddb5-4fa4-a97d-d965ccfc6d4b" outcome="Passed" testListId="8c84fa94-04c1-424b-9868-57a2d4851a1d" relativeResultsDirectory="043eda46-9ea4-4074-a971-5aa50d15dd31" />
    <UnitTestResult executionId="4b1d285d-72ed-4bd0-a24c-9caf322719c8" testId="ec9c6338-96ba-96f9-8a1b-a17c4cd6a981" testName="Xamarin.AndroidX.Migration.Tests.JniStringMigrationTests.JniStringAreCorrectlyMapped(supportJni: &quot;CreateFragment.(Landroid/content/Context;)Landroid&quot;..., androidxJni: &quot;CreateFragment.(Landroid/content/Context;)Landroid&quot;...)" computerName="MiljenkokPro115" duration="00:00:00.3273970" startTime="2020-06-03T17:23:10.0292410+02:00" endTime="2020-06-03T17:23:10.0292430+02:00" testType="13cdc9d9-ddb5-4fa4-a97d-d965ccfc6d4b" outcome="Passed" testListId="8c84fa94-04c1-424b-9868-57a2d4851a1d" relativeResultsDirectory="4b1d285d-72ed-4bd0-a24c-9caf322719c8" />
    <UnitTestResult executionId="232e9ba2-f909-4284-a625-c073903b6102" testId="c5b08aa1-6ce7-b72d-7769-1f771cc95645" testName="Xamarin.AndroidX.Migration.Tests.JniStringMigrationTests.JniStringAreCorrectlyMapped(supportJni: &quot;UpdateSimpleFragment.(Lcom/xamarin/aarxercise/Simp&quot;..., androidxJni: &quot;UpdateSimpleFragment.(Lcom/xamarin/aarxercise/Simp&quot;...)" computerName="MiljenkokPro115" duration="00:00:00.0712362" startTime="2020-06-03T17:23:21.0855780+02:00" endTime="2020-06-03T17:23:21.0855790+02:00" testType="13cdc9d9-ddb5-4fa4-a97d-d965ccfc6d4b" outcome="Passed" testListId="8c84fa94-04c1-424b-9868-57a2d4851a1d" relativeResultsDirectory="232e9ba2-f909-4284-a625-c073903b6102" />
    <UnitTestResult executionId="0400f2ec-3b4a-4f9a-a451-01ecd920246b" testId="35f75b50-8f01-40de-a68c-cc7199f7e3fd" testName="Xamarin.AndroidX.Migration.Tests.JniStringMigrationTests.JniStringAreCorrectlyMapped(supportJni: &quot;([Landroid/support/v4/graphics/PathParser;[Landroi&quot;..., androidxJni: &quot;([Landroidx/core/graphics/PathParser;[Landroidx/co&quot;...)" computerName="MiljenkokPro115" duration="00:00:00.0565650" startTime="2020-06-03T17:23:16.4691420+02:00" endTime="2020-06-03T17:23:16.4691430+02:00" testType="13cdc9d9-ddb5-4fa4-a97d-d965ccfc6d4b" outcome="Passed" testListId="8c84fa94-04c1-424b-9868-57a2d4851a1d" relativeResultsDirectory="0400f2ec-3b4a-4f9a-a451-01ecd920246b" />
    <UnitTestResult executionId="737e81e9-a4e6-4c9e-92b8-72b91ce072f8" testId="65444ade-7258-460c-df75-cbb29a41fe58" testName="Xamarin.AndroidX.Migration.Tests.JniStringMigrationTests.JniStringAreCorrectlyMapped(supportJni: &quot;(Landroid/view/ViewGroup;Landroid/support/transiti&quot;..., androidxJni: &quot;(Landroid/view/ViewGroup;Landroidx/transition/Tran&quot;...)" computerName="MiljenkokPro115" duration="00:00:00.0462778" startTime="2020-06-03T17:23:21.9151830+02:00" endTime="2020-06-03T17:23:21.9151840+02:00" testType="13cdc9d9-ddb5-4fa4-a97d-d965ccfc6d4b" outcome="Passed" testListId="8c84fa94-04c1-424b-9868-57a2d4851a1d" relativeResultsDirectory="737e81e9-a4e6-4c9e-92b8-72b91ce072f8" />
    <UnitTestResult executionId="870c3b10-abd7-4f97-8b03-7400c08341c5" testId="03fe3a94-4d8b-dea2-5eda-7997786e3ad0" testName="Xamarin.AndroidX.Migration.Tests.JniStringMigrationTests.JniStringAreCorrectlyMapped(supportJni: &quot;(Landroid/support/v4/app/FragmentActivity;Landroid&quot;..., androidxJni: &quot;(Landroidx/fragment/app/FragmentActivity;Landroidx&quot;...)" computerName="MiljenkokPro115" duration="00:00:00.0681605" startTime="2020-06-03T17:23:16.2670140+02:00" endTime="2020-06-03T17:23:16.2670150+02:00" testType="13cdc9d9-ddb5-4fa4-a97d-d965ccfc6d4b" outcome="Passed" testListId="8c84fa94-04c1-424b-9868-57a2d4851a1d" relativeResultsDirectory="870c3b10-abd7-4f97-8b03-7400c08341c5" />
    <UnitTestResult executionId="ffa223ad-3c89-4958-8404-e56416a70095" testId="969c44fe-a75e-aac8-16cf-57ffdcaadcb8" testName="Xamarin.AndroidX.Migration.Tests.DependenciesTests.FlattensSingleDependencyCorrectly" computerName="MiljenkokPro115" duration="00:00:00.0029584" startTime="2020-06-03T17:22:59.1762490+02:00" endTime="2020-06-03T17:22:59.1762500+02:00" testType="13cdc9d9-ddb5-4fa4-a97d-d965ccfc6d4b" outcome="Passed" testListId="8c84fa94-04c1-424b-9868-57a2d4851a1d" relativeResultsDirectory="ffa223ad-3c89-4958-8404-e56416a70095" />
    <UnitTestResult executionId="800225c0-5786-4fd0-a4b2-6d31494505fd" testId="a3381c1f-7eba-7556-efa9-0a5172caf530" testName="Xamarin.AndroidX.Migration.Tests.JetifierTests.JetifierMigratesIndividualManifestFiles" computerName="MiljenkokPro115" duration="00:00:00.8040881" startTime="2020-06-03T17:23:14.7398740+02:00" endTime="2020-06-03T17:23:14.7398750+02:00" testType="13cdc9d9-ddb5-4fa4-a97d-d965ccfc6d4b" outcome="Passed" testListId="8c84fa94-04c1-424b-9868-57a2d4851a1d" relativeResultsDirectory="800225c0-5786-4fd0-a4b2-6d31494505fd" />
    <UnitTestResult executionId="0dee56d7-bc16-4fb5-8a36-c3852d9a4482" testId="78c53984-8993-ba10-813d-25c756181aaa" testName="Xamarin.AndroidX.Migration.Tests.JniStringMigrationTests.JniStringAreCorrectlyMapped(supportJni: &quot;(Landroid/support/design/widget/BaseTransientBotto&quot;..., androidxJni: &quot;(Lcom/google/android/material/snackbar/BaseTransie&quot;...)" computerName="MiljenkokPro115" duration="00:00:00.0708991" startTime="2020-06-03T17:23:18.5404050+02:00" endTime="2020-06-03T17:23:18.5404060+02:00" testType="13cdc9d9-ddb5-4fa4-a97d-d965ccfc6d4b" outcome="Passed" testListId="8c84fa94-04c1-424b-9868-57a2d4851a1d" relativeResultsDirectory="0dee56d7-bc16-4fb5-8a36-c3852d9a4482" />
    <UnitTestResult executionId="9472c521-c347-4c1a-a2e2-bbe0c59b84ec" testId="6e4858c3-799b-7bab-7be8-396e755a97d2" testName="Xamarin.AndroidX.Migration.Tests.JniStringMigrationTests.JniStringAreCorrectlyMapped(supportJni: &quot;(Landroid/content/Context;Landroid/content/res/Res&quot;..., androidxJni: &quot;(Landroid/content/Context;Landroid/content/res/Res&quot;...)" computerName="MiljenkokPro115" duration="00:00:00.2484796" startTime="2020-06-03T17:22:59.5146290+02:00" endTime="2020-06-03T17:22:59.5146300+02:00" testType="13cdc9d9-ddb5-4fa4-a97d-d965ccfc6d4b" outcome="Passed" testListId="8c84fa94-04c1-424b-9868-57a2d4851a1d" relativeResultsDirectory="9472c521-c347-4c1a-a2e2-bbe0c59b84ec" />
    <UnitTestResult executionId="8ffabe8a-d17b-4001-9682-1f365e999187" testId="a93c4267-84da-1d26-7584-e5c96fb089bf" testName="Xamarin.AndroidX.Migration.Tests.JniStringMigrationTests.JniStringAreCorrectlyMapped(supportJni: &quot;(Landroid/content/res/Resources;Lorg/xmlpull/v1/Xm&quot;..., androidxJni: &quot;(Landroid/content/res/Resources;Lorg/xmlpull/v1/Xm&quot;...)" computerName="MiljenkokPro115" duration="00:00:00.1458917" startTime="2020-06-03T17:23:04.8265870+02:00" endTime="2020-06-03T17:23:04.8265890+02:00" testType="13cdc9d9-ddb5-4fa4-a97d-d965ccfc6d4b" outcome="Passed" testListId="8c84fa94-04c1-424b-9868-57a2d4851a1d" relativeResultsDirectory="8ffabe8a-d17b-4001-9682-1f365e999187" />
    <UnitTestResult executionId="dc633d75-fc5e-477c-8966-cd53be0f3831" testId="729d5457-787b-1d3c-55f5-d4b014084b81" testName="Xamarin.AndroidX.Migration.Tests.JniStringMigrationTests.JniStringAreCorrectlyMapped(supportJni: &quot;()Landroid/support/v17/leanback/widget/BaseOnItemV&quot;..., androidxJni: &quot;()Landroidx/leanback/widget/BaseOnItemViewClickedL&quot;...)" computerName="MiljenkokPro115" duration="00:00:00.1866570" startTime="2020-06-03T17:23:02.3485250+02:00" endTime="2020-06-03T17:23:02.3485260+02:00" testType="13cdc9d9-ddb5-4fa4-a97d-d965ccfc6d4b" outcome="Passed" testListId="8c84fa94-04c1-424b-9868-57a2d4851a1d" relativeResultsDirectory="dc633d75-fc5e-477c-8966-cd53be0f3831" />
    <UnitTestResult executionId="331fa3ef-bbbf-4b7b-9a9f-44cbf191acc7" testId="da267aa6-e737-47f9-32ae-a315a05af479" testName="Xamarin.AndroidX.Migration.Tests.JniStringMigrationTests.JniStringAreCorrectlyMapped(supportJni: &quot;(Landroid/widget/TextView;Ljava/util/regex/Pattern&quot;..., androidxJni: &quot;(Landroid/widget/TextView;Ljava/util/regex/Pattern&quot;...)" computerName="MiljenkokPro115" duration="00:00:00.2606087" startTime="2020-06-03T17:23:01.9840770+02:00" endTime="2020-06-03T17:23:01.9840930+02:00" testType="13cdc9d9-ddb5-4fa4-a97d-d965ccfc6d4b" outcome="Passed" testListId="8c84fa94-04c1-424b-9868-57a2d4851a1d" relativeResultsDirectory="331fa3ef-bbbf-4b7b-9a9f-44cbf191acc7" />
    <UnitTestResult executionId="5e143bfd-a1a3-45bc-9052-74b4e5785e39" testId="44769bd1-680c-e605-7cae-252d58c42878" testName="Xamarin.AndroidX.Migration.Tests.JniStringMigrationTests.JniStringAreCorrectlyMapped(supportJni: &quot;(Landroid/content/Context;Ljava/io/InputStream;Lja&quot;..., androidxJni: &quot;(Landroid/content/Context;Ljava/io/InputStream;Lja&quot;...)" computerName="MiljenkokPro115" duration="00:00:00.0555216" startTime="2020-06-03T17:23:16.8621950+02:00" endTime="2020-06-03T17:23:16.8621960+02:00" testType="13cdc9d9-ddb5-4fa4-a97d-d965ccfc6d4b" outcome="Passed" testListId="8c84fa94-04c1-424b-9868-57a2d4851a1d" relativeResultsDirectory="5e143bfd-a1a3-45bc-9052-74b4e5785e39" />
    <UnitTestResult executionId="329198af-0132-413e-9ccc-4979238f5cf1" testId="66e72413-3ef6-f5db-bd87-11e7eefbfd33" testName="Xamarin.AndroidX.Migration.Tests.JniStringMigrationTests.JniStringAreCorrectlyMapped(supportJni: &quot;(Landroid/content/Context;Landroid/util/AttributeS&quot;..., androidxJni: &quot;(Landroid/content/Context;Landroid/util/AttributeS&quot;...)" computerName="MiljenkokPro115" duration="00:00:00.2110285" startTime="2020-06-03T17:23:07.6800400+02:00" endTime="2020-06-03T17:23:07.6800590+02:00" testType="13cdc9d9-ddb5-4fa4-a97d-d965ccfc6d4b" outcome="Passed" testListId="8c84fa94-04c1-424b-9868-57a2d4851a1d" relativeResultsDirectory="329198af-0132-413e-9ccc-4979238f5cf1" />
    <UnitTestResult executionId="eb70cf73-e320-4787-a61c-ac6410a38950" testId="00080c39-3634-f92e-4a00-75cf32ceb2f5" testName="Xamarin.AndroidX.Migration.Tests.JniStringMigrationTests.JniStringAreCorrectlyMapped(supportJni: &quot;(Landroid/support/v4/app/Fragment;Landroid/arch/li&quot;..., androidxJni: &quot;(Landroidx/fragment/app/Fragment;Landroidx/lifecyc&quot;...)" computerName="MiljenkokPro115" duration="00:00:00.1326006" startTime="2020-06-03T17:23:11.9472770+02:00" endTime="2020-06-03T17:23:11.9472810+02:00" testType="13cdc9d9-ddb5-4fa4-a97d-d965ccfc6d4b" outcome="Passed" testListId="8c84fa94-04c1-424b-9868-57a2d4851a1d" relativeResultsDirectory="eb70cf73-e320-4787-a61c-ac6410a38950" />
    <UnitTestResult executionId="11b0d1a9-ff2c-4d30-94d3-1f182e6aafa4" testId="127c897c-b206-b34f-cbe6-6298234386ea" testName="Xamarin.AndroidX.Migration.Tests.JniStringMigrationTests.JniStringAreCorrectlyMapped(supportJni: &quot;(Ljava/lang/CharSequence;Landroid/support/v4/text/&quot;..., androidxJni: &quot;(Ljava/lang/CharSequence;Landroidx/core/text/Preco&quot;...)" computerName="MiljenkokPro115" duration="00:00:00.1544027" startTime="2020-06-03T17:23:14.6928500+02:00" endTime="2020-06-03T17:23:14.6928510+02:00" testType="13cdc9d9-ddb5-4fa4-a97d-d965ccfc6d4b" outcome="Passed" testListId="8c84fa94-04c1-424b-9868-57a2d4851a1d" relativeResultsDirectory="11b0d1a9-ff2c-4d30-94d3-1f182e6aafa4" />
    <UnitTestResult executionId="0e0be966-cdec-4729-ae3a-014b91df4932" testId="57b366a9-515f-6483-0131-71c7eedf0b50" testName="Xamarin.AndroidX.Migration.Tests.ManagedMigrationTests.AllTypesHaveTheSameMembers(supportDll: &quot;Aarxercise.Old.Support.dll&quot;, androidXDll: &quot;Aarxercise.Old.AndroidX.dll&quot;, ignoreResourceType: True, expectedResult: ContainedSupport)" computerName="MiljenkokPro115" duration="00:00:00.1087521" startTime="2020-06-03T17:23:07.1253470+02:00" endTime="2020-06-03T17:23:07.1253470+02:00" testType="13cdc9d9-ddb5-4fa4-a97d-d965ccfc6d4b" outcome="Passed" testListId="8c84fa94-04c1-424b-9868-57a2d4851a1d" relativeResultsDirectory="0e0be966-cdec-4729-ae3a-014b91df4932" />
    <UnitTestResult executionId="0e67d649-4b38-4dea-b502-0191c37fd02f" testId="dfc31283-7a51-97fe-c91e-efcff676eeab" testName="Xamarin.AndroidX.Migration.Tests.JniStringMigrationTests.JniStringAreCorrectlyMapped(supportJni: &quot;(Landroid/arch/persistence/db/SupportSQLiteOpenHel&quot;..., androidxJni: &quot;(Landroidx/sqlite/db/SupportSQLiteOpenHelper$Confi&quot;...)" computerName="MiljenkokPro115" duration="00:00:00.1350165" startTime="2020-06-03T17:23:20.4632020+02:00" endTime="2020-06-03T17:23:20.4632040+02:00" testType="13cdc9d9-ddb5-4fa4-a97d-d965ccfc6d4b" outcome="Passed" testListId="8c84fa94-04c1-424b-9868-57a2d4851a1d" relativeResultsDirectory="0e67d649-4b38-4dea-b502-0191c37fd02f" />
    <UnitTestResult executionId="865f40e1-b115-4827-b57d-f84c7d98ce63" testId="f203c43e-f56f-cc6e-b991-aa313094275f" testName="Xamarin.AndroidX.Migration.Tests.DependenciesTests.FlattensNoDependenciesCorrectly" computerName="MiljenkokPro115" duration="00:00:00.0023325" startTime="2020-06-03T17:22:59.1775480+02:00" endTime="2020-06-03T17:22:59.1775490+02:00" testType="13cdc9d9-ddb5-4fa4-a97d-d965ccfc6d4b" outcome="Passed" testListId="8c84fa94-04c1-424b-9868-57a2d4851a1d" relativeResultsDirectory="865f40e1-b115-4827-b57d-f84c7d98ce63" />
    <UnitTestResult executionId="ec31da3b-0b05-4e02-a1a8-884e5de94e20" testId="cc800e06-3d5e-68e2-b336-3779d3add00d" testName="Xamarin.AndroidX.Migration.Tests.ManagedMigrationTests.CanRunMigrationOnNonPortablePdbs(assembly: &quot;Microsoft.IdentityModel.Clients.ActiveDirectory.dl&quot;..., expectedResult: ContainedSupport | PotentialJavaArtifacts)" computerName="MiljenkokPro115" duration="00:00:01.0696489" startTime="2020-06-03T17:23:16.1512980+02:00" endTime="2020-06-03T17:23:16.1512990+02:00" testType="13cdc9d9-ddb5-4fa4-a97d-d965ccfc6d4b" outcome="Passed" testListId="8c84fa94-04c1-424b-9868-57a2d4851a1d" relativeResultsDirectory="ec31da3b-0b05-4e02-a1a8-884e5de94e20" />
    <UnitTestResult executionId="d355ca81-dbb9-4e9f-9ba4-f3065d2416b0" testId="6effacec-d6b4-8d07-8703-37fabc91fb93" testName="Xamarin.AndroidX.Migration.Tests.JniStringMigrationTests.JniStringAreCorrectlyMapped(supportJni: &quot;(Landroid/support/v7/widget/RecyclerView;Landroid/&quot;..., androidxJni: &quot;(Landroidx/recyclerview/widget/RecyclerView;Landro&quot;...)" computerName="MiljenkokPro115" duration="00:00:00.1343875" startTime="2020-06-03T17:23:00.5854810+02:00" endTime="2020-06-03T17:23:00.5854820+02:00" testType="13cdc9d9-ddb5-4fa4-a97d-d965ccfc6d4b" outcome="Passed" testListId="8c84fa94-04c1-424b-9868-57a2d4851a1d" relativeResultsDirectory="d355ca81-dbb9-4e9f-9ba4-f3065d2416b0" />
    <UnitTestResult executionId="2b7376c0-114d-419d-abff-a18f06134b31" testId="bfadf91d-ce2c-a03c-d690-c4ee774fbac4" testName="Xamarin.AndroidX.Migration.Tests.JetifierTests.CanReadJarFileAfterMigration" computerName="MiljenkokPro115" duration="00:00:00.8636084" startTime="2020-06-03T17:23:01.2498660+02:00" endTime="2020-06-03T17:23:01.2498660+02:00" testType="13cdc9d9-ddb5-4fa4-a97d-d965ccfc6d4b" outcome="Passed" testListId="8c84fa94-04c1-424b-9868-57a2d4851a1d" relativeResultsDirectory="2b7376c0-114d-419d-abff-a18f06134b31" />
    <UnitTestResult executionId="a3c42e50-b868-4ab3-a7e3-f512d27f4d8d" testId="f0b0702b-d0ba-98b7-e81e-8b4f01b09be5" testName="Xamarin.AndroidX.Migration.Tests.JniStringMigrationTests.JniStringAreCorrectlyMapped(supportJni: &quot;(Landroid/support/v17/leanback/widget/BaseOnItemVi&quot;..., androidxJni: &quot;(Landroidx/leanback/widget/BaseOnItemViewClickedLi&quot;...)" computerName="MiljenkokPro115" duration="00:00:00.2100038" startTime="2020-06-03T17:23:06.9423720+02:00" endTime="2020-06-03T17:23:06.9423740+02:00" testType="13cdc9d9-ddb5-4fa4-a97d-d965ccfc6d4b" outcome="Passed" testListId="8c84fa94-04c1-424b-9868-57a2d4851a1d" relativeResultsDirectory="a3c42e50-b868-4ab3-a7e3-f512d27f4d8d" />
    <UnitTestResult executionId="cddd27e5-00ad-48f1-a3a1-c04bc2fea3d0" testId="7d064652-6124-3ac5-debe-6544e97affee" testName="Xamarin.AndroidX.Migration.Tests.JniMigrationTests.MigrationDoesNotThrow(assembly: &quot;Aarxercise.Old.Support.dll&quot;, expectedResult: ContainedSupport)" computerName="MiljenkokPro115" duration="00:00:00.0665973" startTime="2020-06-03T17:23:18.3079890+02:00" endTime="2020-06-03T17:23:18.3079900+02:00" testType="13cdc9d9-ddb5-4fa4-a97d-d965ccfc6d4b" outcome="Passed" testListId="8c84fa94-04c1-424b-9868-57a2d4851a1d" relativeResultsDirectory="cddd27e5-00ad-48f1-a3a1-c04bc2fea3d0" />
    <UnitTestResult executionId="474ce8fa-47c0-4b73-98ea-d9df47a57350" testId="fcdc5eb2-b99a-89cb-8ae0-544eb303e09f" testName="Xamarin.AndroidX.Migration.Tests.JniStringMigrationTests.JniStringAreCorrectlyMapped(supportJni: &quot;(Landroid/support/design/widget/CoordinatorLayout;&quot;..., androidxJni: &quot;(Landroidx/coordinatorlayout/widget/CoordinatorLay&quot;...)" computerName="MiljenkokPro115" duration="00:00:00.1725242" startTime="2020-06-03T17:23:07.1150430+02:00" endTime="2020-06-03T17:23:07.1150440+02:00" testType="13cdc9d9-ddb5-4fa4-a97d-d965ccfc6d4b" outcome="Passed" testListId="8c84fa94-04c1-424b-9868-57a2d4851a1d" relativeResultsDirectory="474ce8fa-47c0-4b73-98ea-d9df47a57350" />
    <UnitTestResult executionId="e151d458-a9a9-40c6-8aa6-71d555ec4b0e" testId="57d8387e-51be-0917-28f0-5da15afcbe7c" testName="Xamarin.AndroidX.Migration.Tests.JniStringMigrationTests.JniStringAreCorrectlyMapped(supportJni: &quot;([Ljava/lang/CharSequence;[ZLandroid/content/Dialo&quot;..., androidxJni: &quot;([Ljava/lang/CharSequence;[ZLandroid/content/Dialo&quot;...)" computerName="MiljenkokPro115" duration="00:00:00.1100969" startTime="2020-06-03T17:23:20.8846930+02:00" endTime="2020-06-03T17:23:20.8846940+02:00" testType="13cdc9d9-ddb5-4fa4-a97d-d965ccfc6d4b" outcome="Passed" testListId="8c84fa94-04c1-424b-9868-57a2d4851a1d" relativeResultsDirectory="e151d458-a9a9-40c6-8aa6-71d555ec4b0e" />
    <UnitTestResult executionId="5c7860f1-ac2d-4ee2-9da1-cef5091b8a20" testId="6d4aa479-b853-251d-660d-fbc9544e3592" testName="Xamarin.AndroidX.Migration.Tests.JniStringMigrationTests.JniStringAreCorrectlyMapped(supportJni: &quot;(Ljava/lang/Object;Ljava/lang/Object;)Landroid/arc&quot;..., androidxJni: &quot;(Ljava/lang/Object;Ljava/lang/Object;)Landroidx/ar&quot;...)" computerName="MiljenkokPro115" duration="00:00:00.1039516" startTime="2020-06-03T17:23:20.5672570+02:00" endTime="2020-06-03T17:23:20.5672570+02:00" testType="13cdc9d9-ddb5-4fa4-a97d-d965ccfc6d4b" outcome="Passed" testListId="8c84fa94-04c1-424b-9868-57a2d4851a1d" relativeResultsDirectory="5c7860f1-ac2d-4ee2-9da1-cef5091b8a20" />
    <UnitTestResult executionId="d24ccf5f-1a54-4f2c-8e81-a4dd9dcd71e7" testId="e7e809aa-67e4-d1b8-ce2c-a457520ee860" testName="Xamarin.AndroidX.Migration.Tests.JniStringMigrationTests.JniStringAreCorrectlyMapped(supportJni: &quot;(Landroid/view/View;Landroid/support/v7/widget/Rec&quot;..., androidxJni: &quot;(Landroid/view/View;Landroidx/recyclerview/widget/&quot;...)" computerName="MiljenkokPro115" duration="00:00:00.2217726" startTime="2020-06-03T17:23:13.8878670+02:00" endTime="2020-06-03T17:23:13.8878680+02:00" testType="13cdc9d9-ddb5-4fa4-a97d-d965ccfc6d4b" outcome="Passed" testListId="8c84fa94-04c1-424b-9868-57a2d4851a1d" relativeResultsDirectory="d24ccf5f-1a54-4f2c-8e81-a4dd9dcd71e7" />
    <UnitTestResult executionId="b15347e0-6fa3-4a23-a032-81443c914b4d" testId="c44cee15-3e8c-d228-ddcb-8f3875c7fe17" testName="Xamarin.AndroidX.Migration.Tests.JniStringMigrationTests.JniStringAreCorrectlyMapped(supportJni: &quot;(Landroid/content/Context;)Lcom/xamarin/aarxercise&quot;..., androidxJni: &quot;(Landroid/content/Context;)Lcom/xamarin/aarxercise&quot;...)" computerName="MiljenkokPro115" duration="00:00:00.1118738" startTime="2020-06-03T17:23:15.6263830+02:00" endTime="2020-06-03T17:23:15.6263840+02:00" testType="13cdc9d9-ddb5-4fa4-a97d-d965ccfc6d4b" outcome="Passed" testListId="8c84fa94-04c1-424b-9868-57a2d4851a1d" relativeResultsDirectory="b15347e0-6fa3-4a23-a032-81443c914b4d" />
    <UnitTestResult executionId="0bafe55c-0960-4e51-8044-e054afe237d0" testId="b3a5313f-be61-ed1a-ea34-d42945064357" testName="Xamarin.AndroidX.Migration.Tests.JniMigrationTests.MigrationDoesNotThrow(assembly: &quot;Aarxercise.Binding.Support.dll&quot;, expectedResult: ContainedSupport | PotentialJni | ContainedJni | PotentialJavaArtifacts | ContainedJavaArtifacts)" computerName="MiljenkokPro115" duration="00:00:00.8459402" startTime="2020-06-03T17:23:18.2413170+02:00" endTime="2020-06-03T17:23:18.2413190+02:00" testType="13cdc9d9-ddb5-4fa4-a97d-d965ccfc6d4b" outcome="Passed" testListId="8c84fa94-04c1-424b-9868-57a2d4851a1d" relativeResultsDirectory="0bafe55c-0960-4e51-8044-e054afe237d0" />
    <UnitTestResult executionId="2caf9284-5e77-46de-88d7-ceec5b8dcb06" testId="ba9028aa-c7a5-86e7-69ce-c9db41cb2fb0" testName="Xamarin.AndroidX.Migration.Tests.JniMigrationTests.MigrationDoesNotThrow(assembly: &quot;Aarxercise.Reference.Support.dll&quot;, expectedResult: ContainedSupport | PotentialJni | ContainedJni)" computerName="MiljenkokPro115" duration="00:00:00.0743852" startTime="2020-06-03T17:23:16.6290920+02:00" endTime="2020-06-03T17:23:16.6290930+02:00" testType="13cdc9d9-ddb5-4fa4-a97d-d965ccfc6d4b" outcome="Passed" testListId="8c84fa94-04c1-424b-9868-57a2d4851a1d" relativeResultsDirectory="2caf9284-5e77-46de-88d7-ceec5b8dcb06" />
    <UnitTestResult executionId="a812768a-22c6-4b16-9116-eb7964044f19" testId="891b0cae-0c1a-5153-0eb6-7fd08b75e0ca" testName="Xamarin.AndroidX.Migration.Tests.JniStringMigrationTests.JniStringAreCorrectlyMapped(supportJni: &quot;(Landroid/app/PendingIntent;Landroid/support/v4/gr&quot;..., androidxJni: &quot;(Landroid/app/PendingIntent;Landroidx/core/graphic&quot;...)" computerName="MiljenkokPro115" duration="00:00:00.0472352" startTime="2020-06-03T17:23:21.7168970+02:00" endTime="2020-06-03T17:23:21.7168980+02:00" testType="13cdc9d9-ddb5-4fa4-a97d-d965ccfc6d4b" outcome="Passed" testListId="8c84fa94-04c1-424b-9868-57a2d4851a1d" relativeResultsDirectory="a812768a-22c6-4b16-9116-eb7964044f19" />
    <UnitTestResult executionId="c293a7ee-67a7-453a-ad5f-d6021110c853" testId="1887e257-0721-535b-1e3f-0c815d990fc6" testName="Xamarin.AndroidX.Migration.Tests.JniMigrationTests.EnsureAllMethodWithJniHaveRegisterAttributes(assemblyPath: &quot;AndroidX.Merged.dll&quot;)" computerName="MiljenkokPro115" duration="00:00:01.7059636" startTime="2020-06-03T17:23:20.8309540+02:00" endTime="2020-06-03T17:23:20.8309550+02:00" testType="13cdc9d9-ddb5-4fa4-a97d-d965ccfc6d4b" outcome="Passed" testListId="8c84fa94-04c1-424b-9868-57a2d4851a1d" relativeResultsDirectory="c293a7ee-67a7-453a-ad5f-d6021110c853" />
    <UnitTestResult executionId="54510075-3f3b-43c4-9251-6f7e84ecd79a" testId="9e62fe06-594d-e78c-e875-b685d5fdc63b" testName="Xamarin.AndroidX.Migration.Tests.DependenciesTests.FlattenThenReduceEndsUpInTheSamePlace" computerName="MiljenkokPro115" duration="00:00:00.0212386" startTime="2020-06-03T17:22:59.2539140+02:00" endTime="2020-06-03T17:22:59.2539160+02:00" testType="13cdc9d9-ddb5-4fa4-a97d-d965ccfc6d4b" outcome="Passed" testListId="8c84fa94-04c1-424b-9868-57a2d4851a1d" relativeResultsDirectory="54510075-3f3b-43c4-9251-6f7e84ecd79a" />
    <UnitTestResult executionId="d9b4860a-7937-4146-a563-0cdab9acda29" testId="2398908c-b992-43c8-a5ad-1d3610d3d152" testName="Xamarin.AndroidX.Migration.Tests.JniStringMigrationTests.JniStringAreCorrectlyMapped(supportJni: &quot;(Ljava/lang/Class;Landroid/support/v17/leanback/wi&quot;..., androidxJni: &quot;(Ljava/lang/Class;Landroidx/leanback/widget/Presen&quot;...)" computerName="MiljenkokPro115" duration="00:00:00.2245896" startTime="2020-06-03T17:23:05.4115620+02:00" endTime="2020-06-03T17:23:05.4115870+02:00" testType="13cdc9d9-ddb5-4fa4-a97d-d965ccfc6d4b" outcome="Passed" testListId="8c84fa94-04c1-424b-9868-57a2d4851a1d" relativeResultsDirectory="d9b4860a-7937-4146-a563-0cdab9acda29" />
    <UnitTestResult executionId="5abcc1ef-10bb-451e-b642-215a8bdb7721" testId="5eef3719-2567-93fa-c86e-9fc178c4338e" testName="Xamarin.AndroidX.Migration.Tests.JniStringMigrationTests.JniStringAreCorrectlyMapped(supportJni: &quot;(Landroid/app/PendingIntent;Landroid/support/v4/ap&quot;..., androidxJni: &quot;(Landroid/app/PendingIntent;Landroidx/core/app/Rem&quot;...)" computerName="MiljenkokPro115" duration="00:00:00.2438340" startTime="2020-06-03T17:23:09.4589820+02:00" endTime="2020-06-03T17:23:09.4589830+02:00" testType="13cdc9d9-ddb5-4fa4-a97d-d965ccfc6d4b" outcome="Passed" testListId="8c84fa94-04c1-424b-9868-57a2d4851a1d" relativeResultsDirectory="5abcc1ef-10bb-451e-b642-215a8bdb7721" />
    <UnitTestResult executionId="6bbe43e9-bfaa-4498-bee2-d349dced8bd0" testId="0c3f7caf-8435-6ece-ecad-67b13cbae432" testName="Xamarin.AndroidX.Migration.Tests.DependenciesTests.FlattensTripleDependencyCorrectly" computerName="MiljenkokPro115" duration="00:00:00.0022429" startTime="2020-06-03T17:22:59.2275200+02:00" endTime="2020-06-03T17:22:59.2275210+02:00" testType="13cdc9d9-ddb5-4fa4-a97d-d965ccfc6d4b" outcome="Passed" testListId="8c84fa94-04c1-424b-9868-57a2d4851a1d" relativeResultsDirectory="6bbe43e9-bfaa-4498-bee2-d349dced8bd0" />
    <UnitTestResult executionId="1b137eb8-e245-4593-861c-1353bb0db582" testId="1cd53772-1f38-b1d8-5689-2487becca95f" testName="Xamarin.AndroidX.Migration.Tests.JniStringMigrationTests.JniStringAreCorrectlyMapped(supportJni: &quot;(Landroid/view/inputmethod/InputConnection;Landroi&quot;..., androidxJni: &quot;(Landroid/view/inputmethod/InputConnection;Landroi&quot;...)" computerName="MiljenkokPro115" duration="00:00:00.1734521" startTime="2020-06-03T17:23:15.5143300+02:00" endTime="2020-06-03T17:23:15.5143310+02:00" testType="13cdc9d9-ddb5-4fa4-a97d-d965ccfc6d4b" outcome="Passed" testListId="8c84fa94-04c1-424b-9868-57a2d4851a1d" relativeResultsDirectory="1b137eb8-e245-4593-861c-1353bb0db582" />
    <UnitTestResult executionId="c05ffbf3-f0db-4aef-8534-515e64cf3b7b" testId="7f3e5a92-077b-767f-401b-22f13f42786b" testName="Xamarin.AndroidX.Migration.Tests.JniStringMigrationTests.JniStringAreCorrectlyMapped(supportJni: &quot;(Landroid/database/Cursor;Landroid/content/DialogI&quot;..., androidxJni: &quot;(Landroid/database/Cursor;Landroid/content/DialogI&quot;...)" computerName="MiljenkokPro115" duration="00:00:00.0840875" startTime="2020-06-03T17:23:18.4074840+02:00" endTime="2020-06-03T17:23:18.4074850+02:00" testType="13cdc9d9-ddb5-4fa4-a97d-d965ccfc6d4b" outcome="Passed" testListId="8c84fa94-04c1-424b-9868-57a2d4851a1d" relativeResultsDirectory="c05ffbf3-f0db-4aef-8534-515e64cf3b7b" />
    <UnitTestResult executionId="b5db2adf-a2cb-47a2-9892-23632f06fbcc" testId="50692e4e-d9cc-e29b-227e-c4920598d88e" testName="Xamarin.AndroidX.Migration.Tests.JniStringMigrationTests.JniStringAreCorrectlyMapped(supportJni: &quot;(Landroid/support/v4/media/session/MediaSessionCom&quot;..., androidxJni: &quot;(Landroid/support/v4/media/session/MediaSessionCom&quot;...)" computerName="MiljenkokPro115" duration="00:00:00.2398337" startTime="2020-06-03T17:22:59.2655980+02:00" endTime="2020-06-03T17:22:59.2655980+02:00" testType="13cdc9d9-ddb5-4fa4-a97d-d965ccfc6d4b" outcome="Passed" testListId="8c84fa94-04c1-424b-9868-57a2d4851a1d" relativeResultsDirectory="b5db2adf-a2cb-47a2-9892-23632f06fbcc" />
    <UnitTestResult executionId="756cd38f-4b90-4936-94b5-19a99b8bb061" testId="fb5463fa-c780-b09d-5092-eee5342e217b" testName="Xamarin.AndroidX.Migration.Tests.JniStringMigrationTests.JniStringAreCorrectlyMapped(supportJni: &quot;(Landroid/support/v4/app/Fragment;)Landroid/arch/l&quot;..., androidxJni: &quot;(Landroidx/fragment/app/Fragment;)Landroidx/lifecy&quot;...)" computerName="MiljenkokPro115" duration="00:00:00.1825687" startTime="2020-06-03T17:23:10.7317490+02:00" endTime="2020-06-03T17:23:10.7317510+02:00" testType="13cdc9d9-ddb5-4fa4-a97d-d965ccfc6d4b" outcome="Passed" testListId="8c84fa94-04c1-424b-9868-57a2d4851a1d" relativeResultsDirectory="756cd38f-4b90-4936-94b5-19a99b8bb061" />
    <UnitTestResult executionId="3e1af436-f887-44bc-8e0f-173702d521c9" testId="3255e2e1-e961-c8f7-da3f-25129663547e" testName="Xamarin.AndroidX.Migration.Tests.ManagedMigrationTests.AssembliesHaveTheSameTypesAfterMigration(supportDll: &quot;Aarxercise.Old.Support.dll&quot;, androidXDll: &quot;Aarxercise.Old.AndroidX.dll&quot;, ignoreResourceType: True, expectedResult: ContainedSupport)" computerName="MiljenkokPro115" duration="00:00:00.1459137" startTime="2020-06-03T17:23:00.9114910+02:00" endTime="2020-06-03T17:23:00.9114920+02:00" testType="13cdc9d9-ddb5-4fa4-a97d-d965ccfc6d4b" outcome="Passed" testListId="8c84fa94-04c1-424b-9868-57a2d4851a1d" relativeResultsDirectory="3e1af436-f887-44bc-8e0f-173702d521c9" />
    <UnitTestResult executionId="d0bfbd78-4259-43b9-8386-21ff3f825f0e" testId="fb3f8ef8-174f-405a-d9de-11ffc7e8fa33" testName="Xamarin.AndroidX.Migration.Tests.JniStringMigrationTests.JniStringAreCorrectlyMapped(supportJni: &quot;(Landroid/content/Context;Landroid/util/AttributeS&quot;..., androidxJni: &quot;(Landroid/content/Context;Landroid/util/AttributeS&quot;...)" computerName="MiljenkokPro115" duration="00:00:00.1600206" startTime="2020-06-03T17:23:15.3407240+02:00" endTime="2020-06-03T17:23:15.3407250+02:00" testType="13cdc9d9-ddb5-4fa4-a97d-d965ccfc6d4b" outcome="Passed" testListId="8c84fa94-04c1-424b-9868-57a2d4851a1d" relativeResultsDirectory="d0bfbd78-4259-43b9-8386-21ff3f825f0e" />
    <UnitTestResult executionId="e5e7e15c-fcf6-4c41-af33-9254eb63eadd" testId="8b7c8567-4b8a-ed64-2596-c7111d679db3" testName="Xamarin.AndroidX.Migration.Tests.JniStringMigrationTests.JniStringAreCorrectlyMapped(supportJni: &quot;(Landroid/arch/persistence/room/DatabaseConfigurat&quot;..., androidxJni: &quot;(Landroidx/room/DatabaseConfiguration;Landroidx/ro&quot;...)" computerName="MiljenkokPro115" duration="00:00:00.3283903" startTime="2020-06-03T17:23:01.6957340+02:00" endTime="2020-06-03T17:23:01.6957420+02:00" testType="13cdc9d9-ddb5-4fa4-a97d-d965ccfc6d4b" outcome="Passed" testListId="8c84fa94-04c1-424b-9868-57a2d4851a1d" relativeResultsDirectory="e5e7e15c-fcf6-4c41-af33-9254eb63eadd" />
    <UnitTestResult executionId="af1169b9-6954-4e0d-b365-5abcd259388f" testId="40151d78-55dd-77f7-619c-44e58627b99d" testName="Xamarin.AndroidX.Migration.Tests.JniStringMigrationTests.JniStringAreCorrectlyMapped(supportJni: &quot;(Landroid/support/animation/DynamicAnimation$OnAni&quot;..., androidxJni: &quot;(Landroidx/dynamicanimation/animation/DynamicAnima&quot;...)" computerName="MiljenkokPro115" duration="00:00:00.0492589" startTime="2020-06-03T17:23:21.3426110+02:00" endTime="2020-06-03T17:23:21.3426120+02:00" testType="13cdc9d9-ddb5-4fa4-a97d-d965ccfc6d4b" outcome="Passed" testListId="8c84fa94-04c1-424b-9868-57a2d4851a1d" relativeResultsDirectory="af1169b9-6954-4e0d-b365-5abcd259388f" />
    <UnitTestResult executionId="c6d3fdff-d52b-4ab0-8a86-41a5781ef25b" testId="7f5201b6-2658-cbd0-2ded-6bad1c963267" testName="Xamarin.AndroidX.Migration.Tests.JniStringMigrationTests.JniStringAreCorrectlyMapped(supportJni: &quot;(Landroid/support/v7/widget/RecyclerView;Landroid/&quot;..., androidxJni: &quot;(Landroidx/recyclerview/widget/RecyclerView;Landro&quot;...)" computerName="MiljenkokPro115" duration="00:00:00.2661422" startTime="2020-06-03T17:23:00.1937620+02:00" endTime="2020-06-03T17:23:00.1937750+02:00" testType="13cdc9d9-ddb5-4fa4-a97d-d965ccfc6d4b" outcome="Passed" testListId="8c84fa94-04c1-424b-9868-57a2d4851a1d" relativeResultsDirectory="c6d3fdff-d52b-4ab0-8a86-41a5781ef25b" />
    <UnitTestResult executionId="1089bad7-24f9-4d9a-a011-f9446b271571" testId="4f2a2420-df7c-4452-13ce-3a834d277f42" testName="Xamarin.AndroidX.Migration.Tests.DependenciesTests.CanReduceNoDependencyCorrectly" computerName="MiljenkokPro115" duration="00:00:00.0027642" startTime="2020-06-03T17:22:59.2597460+02:00" endTime="2020-06-03T17:22:59.2597470+02:00" testType="13cdc9d9-ddb5-4fa4-a97d-d965ccfc6d4b" outcome="Passed" testListId="8c84fa94-04c1-424b-9868-57a2d4851a1d" relativeResultsDirectory="1089bad7-24f9-4d9a-a011-f9446b271571" />
    <UnitTestResult executionId="82e88c6f-caae-49bd-910a-b250665ecb22" testId="aa3954d9-9a08-1c60-5be4-cb5c6664e65c" testName="Xamarin.AndroidX.Migration.Tests.ManagedMigrationTests.AssembliesHaveTheSameNumberOfReferences(supportDll: &quot;Aarxercise.Managed.Support.dll&quot;, androidXDll: &quot;Aarxercise.Managed.AndroidX.dll&quot;)" computerName="MiljenkokPro115" duration="00:00:00.0019796" startTime="2020-06-03T17:23:16.1533880+02:00" endTime="2020-06-03T17:23:16.1533890+02:00" testType="13cdc9d9-ddb5-4fa4-a97d-d965ccfc6d4b" outcome="Passed" testListId="8c84fa94-04c1-424b-9868-57a2d4851a1d" relativeResultsDirectory="82e88c6f-caae-49bd-910a-b250665ecb22" />
    <UnitTestResult executionId="4eaaf01d-b7b6-4fb1-8f54-95ac768181ec" testId="ef62ab56-cf90-d72b-c1aa-38a0e27cf96b" testName="Xamarin.AndroidX.Migration.Tests.DependenciesTests.XamarinFormsTotalDependencyIsReduced" computerName="MiljenkokPro115" duration="00:00:00.0038568" startTime="2020-06-03T17:22:59.2816850+02:00" endTime="2020-06-03T17:22:59.2816850+02:00" testType="13cdc9d9-ddb5-4fa4-a97d-d965ccfc6d4b" outcome="Passed" testListId="8c84fa94-04c1-424b-9868-57a2d4851a1d" relativeResultsDirectory="4eaaf01d-b7b6-4fb1-8f54-95ac768181ec" />
    <UnitTestResult executionId="e448c042-c5e8-48fa-8b68-11c13dc1f148" testId="1219543a-006b-a869-b195-f1651da25e45" testName="Xamarin.AndroidX.Migration.Tests.JniStringMigrationTests.JniStringAreCorrectlyMapped(supportJni: &quot;(Landroid/content/Context;Landroid/support/v4/prov&quot;..., androidxJni: &quot;(Landroid/content/Context;Landroidx/core/provider/&quot;...)" computerName="MiljenkokPro115" duration="00:00:00.1689878" startTime="2020-06-03T17:22:59.6837450+02:00" endTime="2020-06-03T17:22:59.6837460+02:00" testType="13cdc9d9-ddb5-4fa4-a97d-d965ccfc6d4b" outcome="Passed" testListId="8c84fa94-04c1-424b-9868-57a2d4851a1d" relativeResultsDirectory="e448c042-c5e8-48fa-8b68-11c13dc1f148" />
    <UnitTestResult executionId="ea8ded38-ff6c-413a-9823-36712579c9a1" testId="502a116b-3c94-f402-3bc1-f1703531c0a8" testName="Xamarin.AndroidX.Migration.Tests.JniStringMigrationTests.JniStringAreCorrectlyMapped(supportJni: &quot;()V&quot;, androidxJni: &quot;()V&quot;)" computerName="MiljenkokPro115" duration="00:00:00.0719576" startTime="2020-06-03T17:23:20.9569890+02:00" endTime="2020-06-03T17:23:20.9569900+02:00" testType="13cdc9d9-ddb5-4fa4-a97d-d965ccfc6d4b" outcome="Passed" testListId="8c84fa94-04c1-424b-9868-57a2d4851a1d" relativeResultsDirectory="ea8ded38-ff6c-413a-9823-36712579c9a1" />
    <UnitTestResult executionId="5af8c513-bd14-4ccc-8976-59934c62709e" testId="be03ce83-eb16-df51-47e6-f2c408cbd7ea" testName="Xamarin.AndroidX.Migration.Tests.JniStringMigrationTests.JniStringAreCorrectlyMapped(supportJni: &quot;(Landroid/view/LayoutInflater;Landroid/view/ViewGr&quot;..., androidxJni: &quot;(Landroid/view/LayoutInflater;Landroid/view/ViewGr&quot;...)" computerName="MiljenkokPro115" duration="00:00:00.2607164" startTime="2020-06-03T17:23:05.9638610+02:00" endTime="2020-06-03T17:23:05.9638630+02:00" testType="13cdc9d9-ddb5-4fa4-a97d-d965ccfc6d4b" outcome="Passed" testListId="8c84fa94-04c1-424b-9868-57a2d4851a1d" relativeResultsDirectory="5af8c513-bd14-4ccc-8976-59934c62709e" />
    <UnitTestResult executionId="e045624d-f97b-4eb6-95b7-d026b695369b" testId="79ae07dc-1600-eddf-df3c-7890711195d5" testName="Xamarin.AndroidX.Migration.Tests.JniStringMigrationTests.JniStringAreCorrectlyMapped(supportJni: &quot;(Landroid/support/design/shape/CornerTreatment;Lan&quot;..., androidxJni: &quot;(Lcom/google/android/material/shape/CornerTreatmen&quot;...)" computerName="MiljenkokPro115" duration="00:00:00.2196879" startTime="2020-06-03T17:23:07.9010400+02:00" endTime="2020-06-03T17:23:07.9010410+02:00" testType="13cdc9d9-ddb5-4fa4-a97d-d965ccfc6d4b" outcome="Passed" testListId="8c84fa94-04c1-424b-9868-57a2d4851a1d" relativeResultsDirectory="e045624d-f97b-4eb6-95b7-d026b695369b" />
    <UnitTestResult executionId="d7aee16f-3187-4597-957d-7cdbb13f6950" testId="ac47822e-cfcc-ab1e-0231-3ae97021114c" testName="Xamarin.AndroidX.Migration.Tests.JniStringMigrationTests.JniStringAreCorrectlyMapped(supportJni: &quot;(Landroid/support/v17/leanback/util/StateMachine$S&quot;..., androidxJni: &quot;(Landroidx/leanback/util/StateMachine$State;Landro&quot;...)" computerName="MiljenkokPro115" duration="00:00:00.2525369" startTime="2020-06-03T17:23:08.2872430+02:00" endTime="2020-06-03T17:23:08.2872440+02:00" testType="13cdc9d9-ddb5-4fa4-a97d-d965ccfc6d4b" outcome="Passed" testListId="8c84fa94-04c1-424b-9868-57a2d4851a1d" relativeResultsDirectory="d7aee16f-3187-4597-957d-7cdbb13f6950" />
    <UnitTestResult executionId="7d85e91a-39c7-4358-957d-f3b17c4254db" testId="da0f2b99-33b4-b480-285a-afdd2972613c" testName="Xamarin.AndroidX.Migration.Tests.JniStringMigrationTests.JniStringAreCorrectlyMapped(supportJni: &quot;(Landroid/support/design/widget/CoordinatorLayout;&quot;..., androidxJni: &quot;(Landroidx/coordinatorlayout/widget/CoordinatorLay&quot;...)" computerName="MiljenkokPro115" duration="00:00:00.1058980" startTime="2020-06-03T17:23:21.6242210+02:00" endTime="2020-06-03T17:23:21.6242220+02:00" testType="13cdc9d9-ddb5-4fa4-a97d-d965ccfc6d4b" outcome="Passed" testListId="8c84fa94-04c1-424b-9868-57a2d4851a1d" relativeResultsDirectory="7d85e91a-39c7-4358-957d-f3b17c4254db" />
    <UnitTestResult executionId="4377c9dd-282f-4ecd-b34f-94cc95d4ef15" testId="6336167c-7afb-d0f2-ce95-d07f1c828623" testName="Xamarin.AndroidX.Migration.Tests.JniStringMigrationTests.JniStringAreCorrectlyMapped(supportJni: &quot;(Landroid/support/v4/app/FragmentActivity;)Landroi&quot;..., androidxJni: &quot;(Landroidx/fragment/app/FragmentActivity;)Landroid&quot;...)" computerName="MiljenkokPro115" duration="00:00:00.0529088" startTime="2020-06-03T17:23:22.2626510+02:00" endTime="2020-06-03T17:23:22.2626520+02:00" testType="13cdc9d9-ddb5-4fa4-a97d-d965ccfc6d4b" outcome="Passed" testListId="8c84fa94-04c1-424b-9868-57a2d4851a1d" relativeResultsDirectory="4377c9dd-282f-4ecd-b34f-94cc95d4ef15" />
    <UnitTestResult executionId="4dece7c4-ef34-4e3b-a287-55bc8fc3dd4a" testId="ee441a70-2ebc-af6c-c5f5-d1ba794827fa" testName="Xamarin.AndroidX.Migration.Tests.JniStringMigrationTests.JniStringAreCorrectlyMapped(supportJni: &quot;(Landroid/content/Context;Landroid/support/v17/lea&quot;..., androidxJni: &quot;(Landroid/content/Context;Landroidx/leanback/widge&quot;...)" computerName="MiljenkokPro115" duration="00:00:00.1144088" startTime="2020-06-03T17:23:13.5050250+02:00" endTime="2020-06-03T17:23:13.5050260+02:00" testType="13cdc9d9-ddb5-4fa4-a97d-d965ccfc6d4b" outcome="Passed" testListId="8c84fa94-04c1-424b-9868-57a2d4851a1d" relativeResultsDirectory="4dece7c4-ef34-4e3b-a287-55bc8fc3dd4a" />
    <UnitTestResult executionId="d8478037-87a0-4a6f-ac45-4ca377a5e7fc" testId="0d45ac3a-fd41-2d3b-b831-9416c8ee99cf" testName="Xamarin.AndroidX.Migration.Tests.ManagedMigrationTests.AssembliesHaveSupportReferences(assembly: &quot;Microsoft.IdentityModel.Clients.ActiveDirectory.dl&quot;..., hasSupportReference: True)" computerName="MiljenkokPro115" duration="00:00:00.1556559" startTime="2020-06-03T17:22:59.1814320+02:00" endTime="2020-06-03T17:22:59.1814320+02:00" testType="13cdc9d9-ddb5-4fa4-a97d-d965ccfc6d4b" outcome="Passed" testListId="8c84fa94-04c1-424b-9868-57a2d4851a1d" relativeResultsDirectory="d8478037-87a0-4a6f-ac45-4ca377a5e7fc" />
    <UnitTestResult executionId="3c4b4d7d-cb23-4754-a146-ea83f842a1da" testId="d73aff29-63f8-80b3-a90f-c089e8df992c" testName="Xamarin.AndroidX.Migration.Tests.JniStringMigrationTests.JniStringAreCorrectlyMapped(supportJni: &quot;(Landroid/support/wear/widget/drawer/WearableNavig&quot;..., androidxJni: &quot;(Landroidx/wear/widget/drawer/WearableNavigationDr&quot;...)" computerName="MiljenkokPro115" duration="00:00:00.0831739" startTime="2020-06-03T17:23:17.6757750+02:00" endTime="2020-06-03T17:23:17.6757760+02:00" testType="13cdc9d9-ddb5-4fa4-a97d-d965ccfc6d4b" outcome="Passed" testListId="8c84fa94-04c1-424b-9868-57a2d4851a1d" relativeResultsDirectory="3c4b4d7d-cb23-4754-a146-ea83f842a1da" />
    <UnitTestResult executionId="8996a566-eadb-4528-856b-8e38e9beee5a" testId="e430c38c-46f4-1d3e-90fb-8fd70de2d35a" testName="Xamarin.AndroidX.Migration.Tests.JniStringMigrationTests.JniStringAreCorrectlyMapped(supportJni: &quot;(Landroid/support/v17/leanback/widget/ParallaxTarg&quot;..., androidxJni: &quot;(Landroidx/leanback/widget/ParallaxTarget;)Landroi&quot;...)" computerName="MiljenkokPro115" duration="00:00:00.0488102" startTime="2020-06-03T17:23:21.8688130+02:00" endTime="2020-06-03T17:23:21.8688130+02:00" testType="13cdc9d9-ddb5-4fa4-a97d-d965ccfc6d4b" outcome="Passed" testListId="8c84fa94-04c1-424b-9868-57a2d4851a1d" relativeResultsDirectory="8996a566-eadb-4528-856b-8e38e9beee5a" />
    <UnitTestResult executionId="4e3509d0-c5b1-4fee-b70f-845c5500becb" testId="ab004499-105d-66ff-c731-97fdf4cb7c4a" testName="Xamarin.AndroidX.Migration.Tests.JniStringMigrationTests.JniStringAreCorrectlyMapped(supportJni: &quot;(Landroid/support/v17/leanback/widget/FullWidthDet&quot;..., androidxJni: &quot;(Landroidx/leanback/widget/FullWidthDetailsOvervie&quot;...)" computerName="MiljenkokPro115" duration="00:00:00.0793517" startTime="2020-06-03T17:23:16.7401890+02:00" endTime="2020-06-03T17:23:16.7401900+02:00" testType="13cdc9d9-ddb5-4fa4-a97d-d965ccfc6d4b" outcome="Passed" testListId="8c84fa94-04c1-424b-9868-57a2d4851a1d" relativeResultsDirectory="4e3509d0-c5b1-4fee-b70f-845c5500becb" />
    <UnitTestResult executionId="01106464-ca79-42dd-ac0a-df1342add693" testId="0b6ed9ff-e2fb-5d64-d0bd-257653bf79ea" testName="Xamarin.AndroidX.Migration.Tests.JniStringMigrationTests.JniStringAreCorrectlyMapped(supportJni: &quot;(Landroid/view/accessibility/AccessibilityManager;&quot;..., androidxJni: &quot;(Landroid/view/accessibility/AccessibilityManager;&quot;...)" computerName="MiljenkokPro115" duration="00:00:00.1732946" startTime="2020-06-03T17:23:02.1609630+02:00" endTime="2020-06-03T17:23:02.1609680+02:00" testType="13cdc9d9-ddb5-4fa4-a97d-d965ccfc6d4b" outcome="Passed" testListId="8c84fa94-04c1-424b-9868-57a2d4851a1d" relativeResultsDirectory="01106464-ca79-42dd-ac0a-df1342add693" />
    <UnitTestResult executionId="346024cd-c248-44ef-b5e9-49ff46d74621" testId="82609396-e5db-d057-f881-f7d88f6f1a12" testName="Xamarin.AndroidX.Migration.Tests.JniStringMigrationTests.JniStringAreCorrectlyMapped(supportJni: &quot;(Landroid/support/design/widget/CoordinatorLayout;&quot;..., androidxJni: &quot;(Landroidx/coordinatorlayout/widget/CoordinatorLay&quot;...)" computerName="MiljenkokPro115" duration="00:00:00.1608454" startTime="2020-06-03T17:23:19.7682560+02:00" endTime="2020-06-03T17:23:19.7682570+02:00" testType="13cdc9d9-ddb5-4fa4-a97d-d965ccfc6d4b" outcome="Passed" testListId="8c84fa94-04c1-424b-9868-57a2d4851a1d" relativeResultsDirectory="346024cd-c248-44ef-b5e9-49ff46d74621" />
    <UnitTestResult executionId="2600012c-0617-4af9-84e6-82c3efe2c67c" testId="482ddf31-caab-7deb-6509-f03536028f7e" testName="Xamarin.AndroidX.Migration.Tests.DependenciesTests.CanFlattenDependencies" computerName="MiljenkokPro115" duration="00:00:00.1118590" startTime="2020-06-03T17:22:59.1557790+02:00" endTime="2020-06-03T17:22:59.1559280+02:00" testType="13cdc9d9-ddb5-4fa4-a97d-d965ccfc6d4b" outcome="Passed" testListId="8c84fa94-04c1-424b-9868-57a2d4851a1d" relativeResultsDirectory="2600012c-0617-4af9-84e6-82c3efe2c67c" />
    <UnitTestResult executionId="0530fca9-7caa-4fb0-85ff-6dead107ff45" testId="c9da9029-0064-1d2a-469a-6123f32e4a5c" testName="Xamarin.AndroidX.Migration.Tests.ManagedMigrationTests.CanRunMigrationOnCorruptedPdbs(assembly: &quot;Aarxercise.Managed.Support.dll&quot;, symbols: &quot;Aarxercise.Managed.Support.dll&quot;, expectedResult: ContainedSupport | PotentialJavaArtifacts | ContainedJavaArtifacts)" computerName="MiljenkokPro115" duration="00:00:01.3996662" startTime="2020-06-03T17:23:07.0163060+02:00" endTime="2020-06-03T17:23:07.0163070+02:00" testType="13cdc9d9-ddb5-4fa4-a97d-d965ccfc6d4b" outcome="Passed" testListId="8c84fa94-04c1-424b-9868-57a2d4851a1d" relativeResultsDirectory="0530fca9-7caa-4fb0-85ff-6dead107ff45" />
    <UnitTestResult executionId="66f76984-b19a-44d5-b60a-993f0aaabd00" testId="8c47c21f-8a66-4ccd-4efc-52acc936f65a" testName="Xamarin.AndroidX.Migration.Tests.JetifierTests.JetifierWrapperMigratesFacebookAar" computerName="MiljenkokPro115" duration="00:00:09.3324089" startTime="2020-06-03T17:23:13.9326780+02:00" endTime="2020-06-03T17:23:13.9326790+02:00" testType="13cdc9d9-ddb5-4fa4-a97d-d965ccfc6d4b" outcome="Passed" testListId="8c84fa94-04c1-424b-9868-57a2d4851a1d" relativeResultsDirectory="66f76984-b19a-44d5-b60a-993f0aaabd00" />
    <UnitTestResult executionId="ecba2265-dd8f-4412-a3b0-7582d33cf728" testId="2427b39b-29cb-66af-d992-564b6f92d31e" testName="Xamarin.AndroidX.Migration.Tests.JetifierTests.JetifierMigratesIndividualLayoutFiles" computerName="MiljenkokPro115" duration="00:00:00.7395979" startTime="2020-06-03T17:23:03.9125460+02:00" endTime="2020-06-03T17:23:03.9125470+02:00" testType="13cdc9d9-ddb5-4fa4-a97d-d965ccfc6d4b" outcome="Passed" testListId="8c84fa94-04c1-424b-9868-57a2d4851a1d" relativeResultsDirectory="ecba2265-dd8f-4412-a3b0-7582d33cf728" />
    <UnitTestResult executionId="0408fb9c-c673-43b4-80f5-d776d14ff87a" testId="3762342c-6a59-44b2-a992-2d01e0411060" testName="Xamarin.AndroidX.Migration.Tests.JniStringMigrationTests.JniStringAreCorrectlyMapped(supportJni: &quot;(Ljava/lang/Class;Landroid/support/v17/leanback/wi&quot;..., androidxJni: &quot;(Ljava/lang/Class;Landroidx/leanback/widget/Presen&quot;...)" computerName="MiljenkokPro115" duration="00:00:00.2522937" startTime="2020-06-03T17:23:00.8384150+02:00" endTime="2020-06-03T17:23:00.8384170+02:00" testType="13cdc9d9-ddb5-4fa4-a97d-d965ccfc6d4b" outcome="Passed" testListId="8c84fa94-04c1-424b-9868-57a2d4851a1d" relativeResultsDirectory="0408fb9c-c673-43b4-80f5-d776d14ff87a" />
    <UnitTestResult executionId="23fb1d0e-b6ec-4538-bc58-17e0adf53e3e" testId="3d9b119c-01d0-ac1b-2a00-089109cefb3c" testName="Xamarin.AndroidX.Migration.Tests.JniStringMigrationTests.JniStringAreCorrectlyMapped(supportJni: &quot;(Landroidx/versionedparcelable/VersionedParcel;)La&quot;..., androidxJni: &quot;(Landroidx/versionedparcelable/VersionedParcel;)La&quot;...)" computerName="MiljenkokPro115" duration="00:00:00.1230701" startTime="2020-06-03T17:23:16.0644360+02:00" endTime="2020-06-03T17:23:16.0644370+02:00" testType="13cdc9d9-ddb5-4fa4-a97d-d965ccfc6d4b" outcome="Passed" testListId="8c84fa94-04c1-424b-9868-57a2d4851a1d" relativeResultsDirectory="23fb1d0e-b6ec-4538-bc58-17e0adf53e3e" />
    <UnitTestResult executionId="934664b9-49fc-4eb6-961d-ec660e31125d" testId="21ec2361-c8e2-b8de-63ee-a81d8cf4eef5" testName="Xamarin.AndroidX.Migration.Tests.JniStringMigrationTests.JniStringAreCorrectlyMapped(supportJni: &quot;(Landroid/support/design/widget/CoordinatorLayout;&quot;..., androidxJni: &quot;(Landroidx/coordinatorlayout/widget/CoordinatorLay&quot;...)" computerName="MiljenkokPro115" duration="00:00:00.0676358" startTime="2020-06-03T17:23:19.1768940+02:00" endTime="2020-06-03T17:23:19.1768950+02:00" testType="13cdc9d9-ddb5-4fa4-a97d-d965ccfc6d4b" outcome="Passed" testListId="8c84fa94-04c1-424b-9868-57a2d4851a1d" relativeResultsDirectory="934664b9-49fc-4eb6-961d-ec660e31125d" />
    <UnitTestResult executionId="9abdc0be-55c9-4bb3-b7e6-b59e5d90531a" testId="f0efc28b-738d-af8e-716e-414315488722" testName="Xamarin.AndroidX.Migration.Tests.JniStringMigrationTests.JniStringAreCorrectlyMapped(supportJni: &quot;(Ljava/lang/String;Landroid/support/v7/widget/Recy&quot;..., androidxJni: &quot;(Ljava/lang/String;Landroidx/recyclerview/widget/R&quot;...)" computerName="MiljenkokPro115" duration="00:00:00.0662140" startTime="2020-06-03T17:23:16.8065580+02:00" endTime="2020-06-03T17:23:16.8065590+02:00" testType="13cdc9d9-ddb5-4fa4-a97d-d965ccfc6d4b" outcome="Passed" testListId="8c84fa94-04c1-424b-9868-57a2d4851a1d" relativeResultsDirectory="9abdc0be-55c9-4bb3-b7e6-b59e5d90531a" />
    <UnitTestResult executionId="856a487f-2bf0-4d08-b284-3f8f11b248a3" testId="fd333624-663b-9700-4188-977a6accad22" testName="Xamarin.AndroidX.Migration.Tests.DependenciesTests.CanLoadJsonFile" computerName="MiljenkokPro115" duration="00:00:00.0422955" startTime="2020-06-03T17:22:59.2282890+02:00" endTime="2020-06-03T17:22:59.2282890+02:00" testType="13cdc9d9-ddb5-4fa4-a97d-d965ccfc6d4b" outcome="Passed" testListId="8c84fa94-04c1-424b-9868-57a2d4851a1d" relativeResultsDirectory="856a487f-2bf0-4d08-b284-3f8f11b248a3" />
    <UnitTestResult executionId="cec605b6-49f5-45ae-9bc4-bf756d8c8c0c" testId="9382dc77-e781-5314-5b07-44a2d765bc38" testName="Xamarin.AndroidX.Migration.Tests.JniStringMigrationTests.JniStringAreCorrectlyMapped(supportJni: &quot;(Landroid/content/Context;Landroid/support/v17/lea&quot;..., androidxJni: &quot;(Landroid/content/Context;Landroidx/leanback/widge&quot;...)" computerName="MiljenkokPro115" duration="00:00:00.0916969" startTime="2020-06-03T17:23:18.2504790+02:00" endTime="2020-06-03T17:23:18.2504800+02:00" testType="13cdc9d9-ddb5-4fa4-a97d-d965ccfc6d4b" outcome="Passed" testListId="8c84fa94-04c1-424b-9868-57a2d4851a1d" relativeResultsDirectory="cec605b6-49f5-45ae-9bc4-bf756d8c8c0c" />
    <UnitTestResult executionId="e95db2f4-28ac-413a-9500-e31f6d83793c" testId="a7a294b1-e2ad-00fd-3181-a46014b3ac0b" testName="Xamarin.AndroidX.Migration.Tests.JniStringMigrationTests.JniStringAreCorrectlyMapped(supportJni: &quot;(Landroid/support/design/widget/CoordinatorLayout;&quot;..., androidxJni: &quot;(Landroidx/coordinatorlayout/widget/CoordinatorLay&quot;...)" computerName="MiljenkokPro115" duration="00:00:00.3032519" startTime="2020-06-03T17:23:12.4417960+02:00" endTime="2020-06-03T17:23:12.4417970+02:00" testType="13cdc9d9-ddb5-4fa4-a97d-d965ccfc6d4b" outcome="Passed" testListId="8c84fa94-04c1-424b-9868-57a2d4851a1d" relativeResultsDirectory="e95db2f4-28ac-413a-9500-e31f6d83793c" />
    <UnitTestResult executionId="17f5d8e3-a7fb-4d61-8cf4-d5730e3463c7" testId="8b2148c5-462f-e8f2-b192-956818bb108b" testName="Xamarin.AndroidX.Migration.Tests.JniStringMigrationTests.JniStringAreCorrectlyMapped(supportJni: &quot;(Landroid/support/wear/widget/drawer/WearableDrawe&quot;..., androidxJni: &quot;(Landroidx/wear/widget/drawer/WearableDrawerLayout&quot;...)" computerName="MiljenkokPro115" duration="00:00:00.1640713" startTime="2020-06-03T17:23:09.2144340+02:00" endTime="2020-06-03T17:23:09.2144340+02:00" testType="13cdc9d9-ddb5-4fa4-a97d-d965ccfc6d4b" outcome="Passed" testListId="8c84fa94-04c1-424b-9868-57a2d4851a1d" relativeResultsDirectory="17f5d8e3-a7fb-4d61-8cf4-d5730e3463c7" />
    <UnitTestResult executionId="f3a5582a-5c2e-44c4-a90b-8ff499e50fe5" testId="38a94045-fa97-0c2d-fd89-bd14f1c74723" testName="Xamarin.AndroidX.Migration.Tests.JniStringMigrationTests.JniStringAreCorrectlyMapped(supportJni: &quot;(Landroid/support/design/widget/CoordinatorLayout;&quot;..., androidxJni: &quot;(Landroidx/coordinatorlayout/widget/CoordinatorLay&quot;...)" computerName="MiljenkokPro115" duration="00:00:00.3355905" startTime="2020-06-03T17:23:04.2985590+02:00" endTime="2020-06-03T17:23:04.2985590+02:00" testType="13cdc9d9-ddb5-4fa4-a97d-d965ccfc6d4b" outcome="Passed" testListId="8c84fa94-04c1-424b-9868-57a2d4851a1d" relativeResultsDirectory="f3a5582a-5c2e-44c4-a90b-8ff499e50fe5" />
    <UnitTestResult executionId="1516a433-316a-4884-bf43-52be377b0077" testId="6cc2259c-bb04-13b3-924e-cfb0bdd020eb" testName="Xamarin.AndroidX.Migration.Tests.JniStringMigrationTests.JniStringAreCorrectlyMapped(supportJni: &quot;(Landroid/support/v7/media/MediaRouter;Landroid/su&quot;..., androidxJni: &quot;(Landroidx/mediarouter/media/MediaRouter;Landroidx&quot;...)" computerName="MiljenkokPro115" duration="00:00:00.0511562" startTime="2020-06-03T17:23:21.9664950+02:00" endTime="2020-06-03T17:23:21.9664960+02:00" testType="13cdc9d9-ddb5-4fa4-a97d-d965ccfc6d4b" outcome="Passed" testListId="8c84fa94-04c1-424b-9868-57a2d4851a1d" relativeResultsDirectory="1516a433-316a-4884-bf43-52be377b0077" />
    <UnitTestResult executionId="57a851a3-3a2e-4303-afdb-adfc452b1ad6" testId="df8422a3-7871-8d33-b7dd-ebbf8b893634" testName="Xamarin.AndroidX.Migration.Tests.JniStringMigrationTests.JniStringAreCorrectlyMapped(supportJni: &quot;(Landroid/os/Bundle;Landroid/support/v7/media/Remo&quot;..., androidxJni: &quot;(Landroid/os/Bundle;Landroidx/mediarouter/media/Re&quot;...)" computerName="MiljenkokPro115" duration="00:00:00.2441063" startTime="2020-06-03T17:23:03.0220170+02:00" endTime="2020-06-03T17:23:03.0220240+02:00" testType="13cdc9d9-ddb5-4fa4-a97d-d965ccfc6d4b" outcome="Passed" testListId="8c84fa94-04c1-424b-9868-57a2d4851a1d" relativeResultsDirectory="57a851a3-3a2e-4303-afdb-adfc452b1ad6" />
    <UnitTestResult executionId="cae6a36e-8fb4-42d5-aeec-f995c6c98839" testId="645b128d-6448-baed-62b0-985e94279f54" testName="Xamarin.AndroidX.Migration.Tests.JniStringMigrationTests.JniStringAreCorrectlyMapped(supportJni: &quot;(Landroid/support/v4/hardware/fingerprint/Fingerpr&quot;..., androidxJni: &quot;(Landroidx/core/hardware/fingerprint/FingerprintMa&quot;...)" computerName="MiljenkokPro115" duration="00:00:00.0793484" startTime="2020-06-03T17:23:21.4220870+02:00" endTime="2020-06-03T17:23:21.4220870+02:00" testType="13cdc9d9-ddb5-4fa4-a97d-d965ccfc6d4b" outcome="Passed" testListId="8c84fa94-04c1-424b-9868-57a2d4851a1d" relativeResultsDirectory="cae6a36e-8fb4-42d5-aeec-f995c6c98839" />
    <UnitTestResult executionId="46201a94-836f-49ee-83fe-3f43121479c7" testId="4d753c4b-f85a-31c3-318b-0187db1a3c15" testName="Xamarin.AndroidX.Migration.Tests.JniStringMigrationTests.JniStringAreCorrectlyMapped(supportJni: &quot;(L;L;L;)Landroid/support/v7/app/AlertDialog$Builde&quot;..., androidxJni: &quot;(L;L;L;)Landroidx/appcompat/app/AlertDialog$Builde&quot;...)" computerName="MiljenkokPro115" duration="00:00:00.0458604" startTime="2020-06-03T17:23:22.0614490+02:00" endTime="2020-06-03T17:23:22.0614500+02:00" testType="13cdc9d9-ddb5-4fa4-a97d-d965ccfc6d4b" outcome="Passed" testListId="8c84fa94-04c1-424b-9868-57a2d4851a1d" relativeResultsDirectory="46201a94-836f-49ee-83fe-3f43121479c7" />
    <UnitTestResult executionId="43a4fefc-2e77-4db9-b93a-ee321cf286cd" testId="1f8beca2-34b7-ec20-1420-93971b7e7e2d" testName="Xamarin.AndroidX.Migration.Tests.JniStringMigrationTests.JniStringAreCorrectlyMapped(supportJni: &quot;(Landroid/support/v7/widget/RecyclerView$ViewHolde&quot;..., androidxJni: &quot;(Landroidx/recyclerview/widget/RecyclerView$ViewHo&quot;...)" computerName="MiljenkokPro115" duration="00:00:00.2618825" startTime="2020-06-03T17:23:03.2939030+02:00" endTime="2020-06-03T17:23:03.2939060+02:00" testType="13cdc9d9-ddb5-4fa4-a97d-d965ccfc6d4b" outcome="Passed" testListId="8c84fa94-04c1-424b-9868-57a2d4851a1d" relativeResultsDirectory="43a4fefc-2e77-4db9-b93a-ee321cf286cd" />
    <UnitTestResult executionId="161c65ae-5c6e-479e-b144-2a673b1ba895" testId="00082121-d31d-3bdb-b51b-bcbcfbd7db84" testName="Xamarin.AndroidX.Migration.Tests.JniStringMigrationTests.JniStringAreCorrectlyMapped(supportJni: &quot;(Landroid/graphics/drawable/Drawable;Landroid/supp&quot;..., androidxJni: &quot;(Landroid/graphics/drawable/Drawable;Landroidx/vec&quot;...)" computerName="MiljenkokPro115" duration="00:00:00.1103877" startTime="2020-06-03T17:23:21.2931690+02:00" endTime="2020-06-03T17:23:21.2931700+02:00" testType="13cdc9d9-ddb5-4fa4-a97d-d965ccfc6d4b" outcome="Passed" testListId="8c84fa94-04c1-424b-9868-57a2d4851a1d" relativeResultsDirectory="161c65ae-5c6e-479e-b144-2a673b1ba895" />
    <UnitTestResult executionId="1f320d07-46ef-41b2-82df-884cb3f0a9e9" testId="95f5e0cc-ce02-1098-e44a-8cfa59b449ec" testName="Xamarin.AndroidX.Migration.Tests.JniStringMigrationTests.JniStringAreCorrectlyMapped(supportJni: &quot;(Landroid/support/v17/leanback/widget/Presenter$Vi&quot;..., androidxJni: &quot;(Landroidx/leanback/widget/Presenter$ViewHolder;Lj&quot;...)" computerName="MiljenkokPro115" duration="00:00:00.1831123" startTime="2020-06-03T17:23:14.5382300+02:00" endTime="2020-06-03T17:23:14.5382310+02:00" testType="13cdc9d9-ddb5-4fa4-a97d-d965ccfc6d4b" outcome="Passed" testListId="8c84fa94-04c1-424b-9868-57a2d4851a1d" relativeResultsDirectory="1f320d07-46ef-41b2-82df-884cb3f0a9e9" />
[...]
    <TestEntry testId="2427b39b-29cb-66af-d992-564b6f92d31e" executionId="ecba2265-dd8f-4412-a3b0-7582d33cf728" testListId="8c84fa94-04c1-424b-9868-57a2d4851a1d" />
    <TestEntry testId="3762342c-6a59-44b2-a992-2d01e0411060" executionId="0408fb9c-c673-43b4-80f5-d776d14ff87a" testListId="8c84fa94-04c1-424b-9868-57a2d4851a1d" />
    <TestEntry testId="3d9b119c-01d0-ac1b-2a00-089109cefb3c" executionId="23fb1d0e-b6ec-4538-bc58-17e0adf53e3e" testListId="8c84fa94-04c1-424b-9868-57a2d4851a1d" />
    <TestEntry testId="21ec2361-c8e2-b8de-63ee-a81d8cf4eef5" executionId="934664b9-49fc-4eb6-961d-ec660e31125d" testListId="8c84fa94-04c1-424b-9868-57a2d4851a1d" />
    <TestEntry testId="f0efc28b-738d-af8e-716e-414315488722" executionId="9abdc0be-55c9-4bb3-b7e6-b59e5d90531a" testListId="8c84fa94-04c1-424b-9868-57a2d4851a1d" />
    <TestEntry testId="fd333624-663b-9700-4188-977a6accad22" executionId="856a487f-2bf0-4d08-b284-3f8f11b248a3" testListId="8c84fa94-04c1-424b-9868-57a2d4851a1d" />
    <TestEntry testId="9382dc77-e781-5314-5b07-44a2d765bc38" executionId="cec605b6-49f5-45ae-9bc4-bf756d8c8c0c" testListId="8c84fa94-04c1-424b-9868-57a2d4851a1d" />
    <TestEntry testId="a7a294b1-e2ad-00fd-3181-a46014b3ac0b" executionId="e95db2f4-28ac-413a-9500-e31f6d83793c" testListId="8c84fa94-04c1-424b-9868-57a2d4851a1d" />
    <TestEntry testId="8b2148c5-462f-e8f2-b192-956818bb108b" executionId="17f5d8e3-a7fb-4d61-8cf4-d5730e3463c7" testListId="8c84fa94-04c1-424b-9868-57a2d4851a1d" />
    <TestEntry testId="38a94045-fa97-0c2d-fd89-bd14f1c74723" executionId="f3a5582a-5c2e-44c4-a90b-8ff499e50fe5" testListId="8c84fa94-04c1-424b-9868-57a2d4851a1d" />
    <TestEntry testId="6cc2259c-bb04-13b3-924e-cfb0bdd020eb" executionId="1516a433-316a-4884-bf43-52be377b0077" testListId="8c84fa94-04c1-424b-9868-57a2d4851a1d" />
    <TestEntry testId="df8422a3-7871-8d33-b7dd-ebbf8b893634" executionId="57a851a3-3a2e-4303-afdb-adfc452b1ad6" testListId="8c84fa94-04c1-424b-9868-57a2d4851a1d" />
    <TestEntry testId="645b128d-6448-baed-62b0-985e94279f54" executionId="cae6a36e-8fb4-42d5-aeec-f995c6c98839" testListId="8c84fa94-04c1-424b-9868-57a2d4851a1d" />
    <TestEntry testId="4d753c4b-f85a-31c3-318b-0187db1a3c15" executionId="46201a94-836f-49ee-83fe-3f43121479c7" testListId="8c84fa94-04c1-424b-9868-57a2d4851a1d" />
    <TestEntry testId="1f8beca2-34b7-ec20-1420-93971b7e7e2d" executionId="43a4fefc-2e77-4db9-b93a-ee321cf286cd" testListId="8c84fa94-04c1-424b-9868-57a2d4851a1d" />
    <TestEntry testId="00082121-d31d-3bdb-b51b-bcbcfbd7db84" executionId="161c65ae-5c6e-479e-b144-2a673b1ba895" testListId="8c84fa94-04c1-424b-9868-57a2d4851a1d" />
    <TestEntry testId="95f5e0cc-ce02-1098-e44a-8cfa59b449ec" executionId="1f320d07-46ef-41b2-82df-884cb3f0a9e9" testListId="8c84fa94-04c1-424b-9868-57a2d4851a1d" />
    <TestEntry testId="5d4300e8-020c-f05a-f209-24dd257561de" executionId="19fc2fad-5049-48c4-966d-535271df5ade" testListId="8c84fa94-04c1-424b-9868-57a2d4851a1d" />
    <TestEntry testId="12886141-e244-0849-78f9-614ab2d1dc29" executionId="9270c100-1172-42f4-8aa5-ebbb470fe88e" testListId="8c84fa94-04c1-424b-9868-57a2d4851a1d" />
    <TestEntry testId="1a33d7c8-f394-960d-41bd-7de0da47f9d4" executionId="7a160cef-57c3-43d3-bdf5-fcfc0e44d45b" testListId="8c84fa94-04c1-424b-9868-57a2d4851a1d" />
    <TestEntry testId="cdecae3f-d290-b4d4-f18f-10d37a1b6475" executionId="a5bce33c-c1b8-476a-be7c-d1d1586edba7" testListId="8c84fa94-04c1-424b-9868-57a2d4851a1d" />
    <TestEntry testId="ad75e7e1-85ef-5a20-7a48-7de82d532137" executionId="fa3b7d6f-b5d4-4f7e-b149-2b499cb38976" testListId="8c84fa94-04c1-424b-9868-57a2d4851a1d" />
    <TestEntry testId="7d378f24-c394-cada-c645-92eeafaef40e" executionId="53973d33-2c22-4695-92da-e9ff928234f0" testListId="8c84fa94-04c1-424b-9868-57a2d4851a1d" />
    <TestEntry testId="2ff9bc1a-bea5-d609-1341-70dbe58330d6" executionId="43d4ca61-2fcb-47c3-b3b0-c91aed2a2fda" testListId="8c84fa94-04c1-424b-9868-57a2d4851a1d" />
    <TestEntry testId="25d7159f-8eb9-a4e2-8798-fdde8dd57e2f" executionId="50ff405f-85cd-41a7-8c4a-5b452277db73" testListId="8c84fa94-04c1-424b-9868-57a2d4851a1d" />
    <TestEntry testId="6863c061-bc2f-383f-cd80-fe445cb94a03" executionId="3d6c8374-edb4-45df-ac4b-733d0f7a9443" testListId="8c84fa94-04c1-424b-9868-57a2d4851a1d" />
    <TestEntry testId="24c8141e-453a-702d-b9a1-f0cf12e08482" executionId="42c0d56d-090f-4f40-9d43-738865ac2280" testListId="8c84fa94-04c1-424b-9868-57a2d4851a1d" />
    <TestEntry testId="2eacf86b-f9f6-c3db-3ece-09978ea92243" executionId="3cd9e395-5fa9-43f7-af04-ea792b0a26d4" testListId="8c84fa94-04c1-424b-9868-57a2d4851a1d" />
    <TestEntry testId="1048fc90-b102-04ed-e694-136074bb820d" executionId="7681155a-d41d-4a06-8588-5ac991c11dc7" testListId="8c84fa94-04c1-424b-9868-57a2d4851a1d" />
    <TestEntry testId="ba44a5d6-632d-2f53-c522-d7abb19d4676" executionId="f1217f1a-ed88-41f9-9055-b3e0e0f2b2a0" testListId="8c84fa94-04c1-424b-9868-57a2d4851a1d" />
    <TestEntry testId="96345428-6aa7-65c8-e42a-9276b5e414c4" executionId="128d7b01-d413-4849-b9df-a7d07fce38c0" testListId="8c84fa94-04c1-424b-9868-57a2d4851a1d" />
    <TestEntry testId="12a2aa08-d150-4902-4598-d0d27eebd689" executionId="6594d76d-aad1-4e08-bcae-29fbf252e1d5" testListId="8c84fa94-04c1-424b-9868-57a2d4851a1d" />
    <TestEntry testId="9a3d3c6f-5511-98d7-c17d-210e42ecc094" executionId="2dd2d29f-990d-4f02-8dfe-665a6a3949d2" testListId="8c84fa94-04c1-424b-9868-57a2d4851a1d" />
    <TestEntry testId="9413bc60-88c0-f4b3-1684-557c8e220bc0" executionId="5a1ab65a-914a-4a9b-940b-1c52ae5291ad" testListId="8c84fa94-04c1-424b-9868-57a2d4851a1d" />
    <TestEntry testId="60c64190-07d3-426e-d726-37934387456c" executionId="fa285a03-efd6-4eaf-ad72-d1e8aa24efc5" testListId="8c84fa94-04c1-424b-9868-57a2d4851a1d" />
    <TestEntry testId="4a20f593-776a-8bb3-209d-70ce61aed47f" executionId="9057aabd-6fab-4e82-84c7-f95a89ae5c67" testListId="8c84fa94-04c1-424b-9868-57a2d4851a1d" />
    <TestEntry testId="c159d060-8abc-9a17-c3b9-a4b15b193f03" executionId="9f9a0376-65f1-4161-805d-b8cd2da7c6ea" testListId="8c84fa94-04c1-424b-9868-57a2d4851a1d" />
    <TestEntry testId="53da5872-ee95-1790-d484-a86b30a2c747" executionId="7b3920aa-dd72-4323-a9ca-339d9c965b7f" testListId="8c84fa94-04c1-424b-9868-57a2d4851a1d" />
    <TestEntry testId="ff259234-14d5-2aea-0456-878baa0c75ac" executionId="202a3226-ea00-483a-9137-29b19a083b22" testListId="8c84fa94-04c1-424b-9868-57a2d4851a1d" />
    <TestEntry testId="fcf45e96-cfc7-d6df-5e6b-5c677a8293e1" executionId="fed59d68-96e2-4aed-8c14-8991edf0a8d3" testListId="8c84fa94-04c1-424b-9868-57a2d4851a1d" />
    <TestEntry testId="e052dea6-fc9b-cc20-5478-cacc010426c3" executionId="9ca6aa52-5373-4bee-9480-b70a4ec64597" testListId="8c84fa94-04c1-424b-9868-57a2d4851a1d" />
    <TestEntry testId="5a9fb081-43ad-1db5-746f-db766be00080" executionId="bd400201-2ae1-4205-b33f-fc9876ffbc37" testListId="8c84fa94-04c1-424b-9868-57a2d4851a1d" />
    <TestEntry testId="0cb2467e-e570-3f19-ba03-ff7be94d9e95" executionId="c46d78be-7a1d-47ee-90b7-5c2a4cdc5f50" testListId="8c84fa94-04c1-424b-9868-57a2d4851a1d" />
    <TestEntry testId="ad7327bd-80aa-b240-3d18-6b170e60a73b" executionId="48677709-2d72-4f6c-9300-07e7a2a61fd5" testListId="8c84fa94-04c1-424b-9868-57a2d4851a1d" />
    <TestEntry testId="8a6cbc07-8e09-6161-a32f-106ff08931f7" executionId="24aaef2e-7782-4a6e-88c1-acef3e62aa92" testListId="8c84fa94-04c1-424b-9868-57a2d4851a1d" />
    <TestEntry testId="16f02708-dc21-4299-028a-2173c4be73fd" executionId="ad40c794-4102-42da-a99b-be59eb7f892a" testListId="8c84fa94-04c1-424b-9868-57a2d4851a1d" />
    <TestEntry testId="0963bf8e-7128-837d-6d9f-608e0dd8ed00" executionId="b77b3a45-77b5-4c98-abc1-572eeda39845" testListId="8c84fa94-04c1-424b-9868-57a2d4851a1d" />
    <TestEntry testId="f8cab35e-76f8-5e82-e86d-a0be9d823888" executionId="e79f91d5-70cb-4b99-91a9-4243046c1f5b" testListId="8c84fa94-04c1-424b-9868-57a2d4851a1d" />
    <TestEntry testId="e9667565-e74f-a233-67ca-dc188c3849f7" executionId="59df13a4-e6e3-40b2-9da0-eb8cf79dbea8" testListId="8c84fa94-04c1-424b-9868-57a2d4851a1d" />
    <TestEntry testId="926d90a3-e5cd-8caa-16f2-88c7a57e9b70" executionId="040cd19a-fe74-4eca-9316-f2eb6e56a1ee" testListId="8c84fa94-04c1-424b-9868-57a2d4851a1d" />
    <TestEntry testId="67050515-27f6-669e-0f67-0c294492c2d2" executionId="89e86400-cb23-4625-bdaa-e3ac7e2644ad" testListId="8c84fa94-04c1-424b-9868-57a2d4851a1d" />
    <TestEntry testId="2bf2e2db-437f-8bd4-2a05-965d7d9c3a86" executionId="5cb5712f-dfb7-4c9f-b9ac-9945b1743f16" testListId="8c84fa94-04c1-424b-9868-57a2d4851a1d" />
    <TestEntry testId="468ee7c2-ec39-e2eb-7556-d74b1d54e6ac" executionId="0f5efb6c-03e6-4227-a4bf-6cfccb1b9eda" testListId="8c84fa94-04c1-424b-9868-57a2d4851a1d" />
    <TestEntry testId="0831a742-f43b-b912-e18d-f0a0522b9481" executionId="86dd58ec-b335-4d8a-a8b2-76b52d22aea1" testListId="8c84fa94-04c1-424b-9868-57a2d4851a1d" />
    <TestEntry testId="a598a97d-8e8f-20f6-2e40-d00fcaccc978" executionId="b77c9668-915e-46d9-96b0-d70f8c71296e" testListId="8c84fa94-04c1-424b-9868-57a2d4851a1d" />
    <TestEntry testId="c5806cee-4c53-ace9-d3af-527b622a7a5d" executionId="6d3652d2-b86d-43a3-9d51-944feb8c8319" testListId="8c84fa94-04c1-424b-9868-57a2d4851a1d" />
    <TestEntry testId="d400226c-aa81-7988-69a5-edbc67ce9a83" executionId="ca46f585-5c4a-4b99-aaa8-cd0bde9d1923" testListId="8c84fa94-04c1-424b-9868-57a2d4851a1d" />
    <TestEntry testId="0434274c-1fdd-5323-8af6-41bd53aaa629" executionId="e734cf31-a4cd-4bae-bed5-33a1d5ccd711" testListId="8c84fa94-04c1-424b-9868-57a2d4851a1d" />
    <TestEntry testId="f0d914cf-47f0-795f-8a85-2a9e3f87db42" executionId="72714ae0-f512-46d0-9020-caf2b6ca8a33" testListId="8c84fa94-04c1-424b-9868-57a2d4851a1d" />
    <TestEntry testId="455f0ba9-9e8f-0572-a46d-c2e5dc391a04" executionId="0eaccd95-a662-4106-b1f9-f09224c395a0" testListId="8c84fa94-04c1-424b-9868-57a2d4851a1d" />
    <TestEntry testId="359102e2-7648-0456-ef98-9c825b153a75" executionId="2af542a6-b954-42e3-9fd7-787b333f7dea" testListId="8c84fa94-04c1-424b-9868-57a2d4851a1d" />
    <TestEntry testId="13ec48e4-41b8-4cbc-ba42-6b4c7ee124a5" executionId="d052b00c-1a81-410f-be76-6be81226c8d7" testListId="8c84fa94-04c1-424b-9868-57a2d4851a1d" />
    <TestEntry testId="182ef330-ed32-12c7-301f-c4ed28cab803" executionId="4c74821f-400b-4ab6-8448-ea27d5af061d" testListId="8c84fa94-04c1-424b-9868-57a2d4851a1d" />
    <TestEntry testId="bfbb5238-415e-ed3e-6201-22fcbed9a20f" executionId="3548e2a7-b3b6-4d6b-8cb8-e9c7aa2c829d" testListId="8c84fa94-04c1-424b-9868-57a2d4851a1d" />
    <TestEntry testId="8ebd740f-6931-fe6b-23e3-f6b2d7f44770" executionId="8ffda3c9-30b3-4564-948c-a49fa9b25416" testListId="8c84fa94-04c1-424b-9868-57a2d4851a1d" />
    <TestEntry testId="83089c03-9f5c-36cf-31a1-121d67d63e44" executionId="6308efa8-9d47-4e23-9581-8a7b7f0bc709" testListId="8c84fa94-04c1-424b-9868-57a2d4851a1d" />
    <TestEntry testId="8bebe69e-c7de-ddf2-abd5-6cc310de13df" executionId="aabd4998-95cb-445b-8399-e79f72e26381" testListId="8c84fa94-04c1-424b-9868-57a2d4851a1d" />
    <TestEntry testId="7f2bbec4-4d3c-4b83-894e-4e9e84a41928" executionId="247b643d-f019-42e8-8a4f-5dd4fa24b095" testListId="8c84fa94-04c1-424b-9868-57a2d4851a1d" />
    <TestEntry testId="a32b89cb-8de9-23c2-4d7b-371973beb9df" executionId="5dd44973-617a-4991-8e59-e47be1f7004a" testListId="8c84fa94-04c1-424b-9868-57a2d4851a1d" />
    <TestEntry testId="bdc83e27-f81d-e80e-f88f-f3c571399dc5" executionId="8cc0d473-1521-4a24-91b3-13fedf46f817" testListId="8c84fa94-04c1-424b-9868-57a2d4851a1d" />
    <TestEntry testId="4d0f76ee-fedb-f2bf-0b00-fc7b6097d1d1" executionId="0f2f2ff5-4a03-45ac-8390-761b7871ad5f" testListId="8c84fa94-04c1-424b-9868-57a2d4851a1d" />
    <TestEntry testId="3c90f7fd-c8b1-7689-18f7-0c9cec84863c" executionId="46c13d6f-5e3d-43eb-9e75-a4039e93ed0d" testListId="8c84fa94-04c1-424b-9868-57a2d4851a1d" />
    <TestEntry testId="52318cdf-8104-2d8b-ad7a-a547e7ff27f7" executionId="7ebbaac4-215e-489c-8581-0664f103766c" testListId="8c84fa94-04c1-424b-9868-57a2d4851a1d" />
    <TestEntry testId="9c55326c-dc16-d07b-642c-406b2d6a1ccb" executionId="f46fbcad-4ef4-4536-9ae5-c9c971950ca1" testListId="8c84fa94-04c1-424b-9868-57a2d4851a1d" />
    <TestEntry testId="5aa044f4-47c4-4baf-eb9b-cafa7cd0ee6e" executionId="613e2b73-f4c2-499c-85a2-556c5a1584fd" testListId="8c84fa94-04c1-424b-9868-57a2d4851a1d" />
    <TestEntry testId="32de0bc2-1fc2-94c8-6ba1-09a8e8f0b1dc" executionId="df529d9d-59b3-4c70-afbb-2de32a0a8c14" testListId="8c84fa94-04c1-424b-9868-57a2d4851a1d" />
    <TestEntry testId="70183ffe-a02e-a733-1fd9-3e05064915e1" executionId="90ede08d-34a3-4e00-8c29-9c9cb78f06d6" testListId="8c84fa94-04c1-424b-9868-57a2d4851a1d" />
    <TestEntry testId="0e2511a7-8452-19b0-1ae0-d056b24defb4" executionId="79e1ad03-4d0b-4f23-9f67-49649dab3af7" testListId="8c84fa94-04c1-424b-9868-57a2d4851a1d" />
    <TestEntry testId="fd075ce8-d22e-a35d-0ba8-5bbf97fe1946" executionId="040c6b5b-9399-4d36-b417-43870c9e4116" testListId="8c84fa94-04c1-424b-9868-57a2d4851a1d" />
    <TestEntry testId="b49857cb-0f78-0068-53de-f75462008612" executionId="b63ee1ee-c895-46e6-80d8-0e1935d2eb0f" testListId="8c84fa94-04c1-424b-9868-57a2d4851a1d" />
    <TestEntry testId="94d6b27d-5905-3a0e-c18c-26c97e6b0c2a" executionId="e9903c7b-0e73-4347-8431-8eac3bfc202b" testListId="8c84fa94-04c1-424b-9868-57a2d4851a1d" />
    <TestEntry testId="e74bc407-2bb4-abe5-2810-f95d83d5f7f2" executionId="73822924-5b18-4fb0-baf7-bf3e2b98dd47" testListId="8c84fa94-04c1-424b-9868-57a2d4851a1d" />
    <TestEntry testId="453cc8ee-d5e0-7aaa-0239-edc2181cb2f9" executionId="f0d51d8f-2a07-4aa2-9236-0ec1cc0ba039" testListId="8c84fa94-04c1-424b-9868-57a2d4851a1d" />
    <TestEntry testId="082d6649-4cb8-0e18-119c-4866d8101a67" executionId="ee1e2ffe-6622-4bd4-bc16-df49499cc3cc" testListId="8c84fa94-04c1-424b-9868-57a2d4851a1d" />
    <TestEntry testId="8a2a8efe-a049-3831-edb7-5522b080c404" executionId="3a1f3dca-e6fb-4cb3-803f-8bd9d6fca61f" testListId="8c84fa94-04c1-424b-9868-57a2d4851a1d" />
    <TestEntry testId="94f22fa5-4435-99a4-0355-df4a18216582" executionId="0cccc7cd-982d-4bba-8da0-70c1508ce986" testListId="8c84fa94-04c1-424b-9868-57a2d4851a1d" />
    <TestEntry testId="24803e16-2f10-c8bd-901e-c8474378dd58" executionId="f9ecec49-4219-4e60-abca-1a9090b57e60" testListId="8c84fa94-04c1-424b-9868-57a2d4851a1d" />
    <TestEntry testId="2d6a9594-8b5b-155e-c3d4-3c451278febb" executionId="1a0b28f9-fafb-4663-a8d3-321a7a49be57" testListId="8c84fa94-04c1-424b-9868-57a2d4851a1d" />
    <TestEntry testId="b5d1e313-33ba-2134-7c39-e7e5d05d6c99" executionId="f475fa6d-2993-4641-8efd-a5376227960d" testListId="8c84fa94-04c1-424b-9868-57a2d4851a1d" />
    <TestEntry testId="05313c40-1076-ecfc-f090-eb88b4de1612" executionId="8a5d992d-369c-4735-810d-270d7751c0b4" testListId="8c84fa94-04c1-424b-9868-57a2d4851a1d" />
    <TestEntry testId="1e642989-6fd5-b0c6-c1c0-f0173656cc46" executionId="e27e1201-1ca2-4e46-a710-637b48794d1a" testListId="8c84fa94-04c1-424b-9868-57a2d4851a1d" />
    <TestEntry testId="14bde62a-0a56-c90f-b4cb-690feeb1cf36" executionId="ece5d9b2-479d-4f4d-9856-5b1ccc6efc7d" testListId="8c84fa94-04c1-424b-9868-57a2d4851a1d" />
    <TestEntry testId="2f1d60e6-c09c-6b27-65dc-43c19d858db3" executionId="e0ea57dc-8c63-46a2-83f7-b9fb333e443c" testListId="8c84fa94-04c1-424b-9868-57a2d4851a1d" />
    <TestEntry testId="4b76186e-76e8-5e11-e924-a4524f60f27b" executionId="72065901-4b38-4828-8e44-047e32cfefca" testListId="8c84fa94-04c1-424b-9868-57a2d4851a1d" />
    <TestEntry testId="c7aa8a9d-136f-be1c-1c52-5b0e69057367" executionId="214e3370-0d55-4452-8ca1-f951b5fd8a91" testListId="8c84fa94-04c1-424b-9868-57a2d4851a1d" />
    <TestEntry testId="4a4e4768-ffe0-25e8-b68d-d8492b5b51e6" executionId="500a3cfb-97a2-429b-8e88-e0d7a434c7dd" testListId="8c84fa94-04c1-424b-9868-57a2d4851a1d" />
    <TestEntry testId="87dfee44-8f3e-1194-7552-cf786a641a91" executionId="342c34b7-4571-477e-9cfc-71b1b96ccd07" testListId="8c84fa94-04c1-424b-9868-57a2d4851a1d" />
    <TestEntry testId="55053dc2-d7b4-e665-9d39-bb3c41b06efa" executionId="8dc78527-1024-4a67-8017-b53a0fa9e730" testListId="8c84fa94-04c1-424b-9868-57a2d4851a1d" />
    <TestEntry testId="715f784e-2fc6-3b2c-80d0-54cfaef19e47" executionId="fbbe7ac3-1841-4c4a-806f-ef413ceb5550" testListId="8c84fa94-04c1-424b-9868-57a2d4851a1d" />
    <TestEntry testId="f8ca740d-77fc-98d1-77b3-982f37892ed5" executionId="d93d82f2-a3e0-48c7-a682-22e91e98c50f" testListId="8c84fa94-04c1-424b-9868-57a2d4851a1d" />
    <TestEntry testId="44653781-03fd-d14e-adf1-b9ba983ddd8a" executionId="80203cbc-db6e-4d88-9638-0b2d2d3d9b65" testListId="8c84fa94-04c1-424b-9868-57a2d4851a1d" />
    <TestEntry testId="e852c0eb-722c-f9e2-c551-da48824796da" executionId="7b63930a-ac6e-4271-9f4a-74be408132ca" testListId="8c84fa94-04c1-424b-9868-57a2d4851a1d" />
    <TestEntry testId="0041817a-f087-51fd-3884-d32e80f77da2" executionId="f935829a-2273-4bb1-a37b-776c0ffc0136" testListId="8c84fa94-04c1-424b-9868-57a2d4851a1d" />
    <TestEntry testId="b2aa11f8-4db0-1238-54a2-574c3776bfeb" executionId="7a9f3aad-3bf6-407b-9491-2bb3d4f77bf8" testListId="8c84fa94-04c1-424b-9868-57a2d4851a1d" />
    <TestEntry testId="f5bdb35a-a0bd-f6ed-4bb5-26f041d73453" executionId="55676a75-a3a5-4d19-b1b4-a7b8125d691c" testListId="8c84fa94-04c1-424b-9868-57a2d4851a1d" />
    <TestEntry testId="0d4f4205-ccab-793d-b314-6d60f1b2f570" executionId="cf0516c8-71e4-4a33-896a-3fed8ae1c894" testListId="8c84fa94-04c1-424b-9868-57a2d4851a1d" />
    <TestEntry testId="3d5b75d8-950e-6306-6130-bc3d06802e3f" executionId="6d85a27d-f424-48c8-91b4-f3ebf609d8ff" testListId="8c84fa94-04c1-424b-9868-57a2d4851a1d" />
    <TestEntry testId="91212b94-9352-498e-76f9-15ee841a04c5" executionId="575e45c5-901e-4b11-bb27-3b882a01eb03" testListId="8c84fa94-04c1-424b-9868-57a2d4851a1d" />
    <TestEntry testId="b3d9102b-f4d8-84e6-157c-2cd05f5a6b57" executionId="5de379fe-3c2f-4597-8243-9d80c507df63" testListId="8c84fa94-04c1-424b-9868-57a2d4851a1d" />
    <TestEntry testId="304b6fbc-2d49-affa-374d-66cd30300aac" executionId="3fa27751-3034-4b4c-9418-c9bb88793907" testListId="8c84fa94-04c1-424b-9868-57a2d4851a1d" />
    <TestEntry testId="b09b2ac4-5ffa-df5e-2491-8b0eb8f5146a" executionId="d327a4ce-37fa-495b-a91a-08b819d52fbc" testListId="8c84fa94-04c1-424b-9868-57a2d4851a1d" />
    <TestEntry testId="09f501fd-95de-4b08-76b0-cc8deba2c41e" executionId="74eec3f6-eed3-4f01-9694-2d40bae859f4" testListId="8c84fa94-04c1-424b-9868-57a2d4851a1d" />
    <TestEntry testId="7930e530-888d-f8d3-4e0b-078193a08337" executionId="b478c1f6-4a20-4156-9150-908dfea8a44e" testListId="8c84fa94-04c1-424b-9868-57a2d4851a1d" />
    <TestEntry testId="a49541f6-e428-f450-faf8-c7fd0d10daf7" executionId="6b524fdf-2ce2-4d82-bf53-d655e974cd4c" testListId="8c84fa94-04c1-424b-9868-57a2d4851a1d" />
    <TestEntry testId="5618b2ad-a155-3feb-8845-700bb1841317" executionId="b4d10eed-15d1-4eab-825e-4974f269b183" testListId="8c84fa94-04c1-424b-9868-57a2d4851a1d" />
  </TestEntries>
  <TestLists>
    <TestList name="Results Not in a List" id="8c84fa94-04c1-424b-9868-57a2d4851a1d" />
    <TestList name="All Loaded Results" id="19431567-8539-422a-85d7-44ee4e166bda" />
  </TestLists>
  <ResultSummary outcome="Completed">
    <Counters total="215" executed="215" passed="215" failed="0" error="0" timeout="0" aborted="0" inconclusive="0" passedButRunAborted="0" notRunnable="0" notExecuted="0" disconnected="0" warning="0" completed="0" inProgress="0" pending="0" />
    <Output>
      <StdOut>[xUnit.net 00:00:00.00] xUnit.net VSTest Adapter v2.4.1 (64-bit .NET Core 3.0.3)
[xUnit.net 00:00:01.36]   Discovering: Xamarin.AndroidX.Migration.Tests
[xUnit.net 00:00:01.80]   Discovered:  Xamarin.AndroidX.Migration.Tests
[xUnit.net 00:00:01.80]   Starting:    Xamarin.AndroidX.Migration.Tests
[xUnit.net 00:00:25.15]   Finished:    Xamarin.AndroidX.Migration.Tests
</StdOut>
    </Output>
  </ResultSummary>
</TestRun>